###############################################################################
#                                                                             #
# IAR ANSI C/C++ Compiler V5.30.2.51295/W32 for ARM     02/Apr/2012  19:04:01 #
# Copyright 1999-2009 IAR Systems AB.                                         #
#                                                                             #
#    Cpu mode     =  thumb                                                    #
#    Endian       =  little                                                   #
#    Source file  =  D:\Project\TRIO\3.F_W\TRIO_appl_src_20120401\lib_stm32\s #
#                    rc\stm32f10x_exti_v0903.c                                #
#    Command line =  D:\Project\TRIO\3.F_W\TRIO_appl_src_20120401\lib_stm32\s #
#                    rc\stm32f10x_exti_v0903.c -D NDEBUG -lcN                 #
#                    D:\Project\TRIO\3.F_W\TRIO_appl_src_20120401\sout\ -o    #
#                    D:\Project\TRIO\3.F_W\TRIO_appl_src_20120401\sout\       #
#                    --debug --endian=little --cpu=Cortex-M3 -e               #
#                    --warnings_are_errors --fpu=None --dlib_config           #
#                    "C:\Program Files\IAR Systems\Embedded Workbench         #
#                    5.4\arm\INC\DLib_Config_Normal.h" -I                     #
#                    D:\Project\TRIO\3.F_W\TRIO_appl_src_20120401\include\    #
#                    -I D:\Project\TRIO\3.F_W\TRIO_appl_src_20120401\lib_stm3 #
#                    2\inc\ -I D:\Project\TRIO\3.F_W\TRIO_appl_src_20120401\l #
#                    ib_stm32\src\ -I D:\Project\TRIO\3.F_W\TRIO_appl_src_201 #
#                    20401\uC-CPU\ -I D:\Project\TRIO\3.F_W\TRIO_appl_src_201 #
#                    20401\uC-LIB\ -I D:\Project\TRIO\3.F_W\TRIO_appl_src_201 #
#                    20401\uCOS-II\Ports\ -I D:\Project\TRIO\3.F_W\TRIO_appl_ #
#                    src_20120401\uCOS-II\Source\ -I                          #
#                    D:\Project\TRIO\3.F_W\TRIO_appl_src_20120401\uC-Probe\   #
#                    -I "C:\Program Files\IAR Systems\Embedded Workbench      #
#                    5.4\arm\INC\" -Oh                                        #
#    List file    =  D:\Project\TRIO\3.F_W\TRIO_appl_src_20120401\sout\stm32f #
#                    10x_exti_v0903.lst                                       #
#    Object file  =  D:\Project\TRIO\3.F_W\TRIO_appl_src_20120401\sout\stm32f #
#                    10x_exti_v0903.o                                         #
#                                                                             #
#                                                                             #
###############################################################################

D:\Project\TRIO\3.F_W\TRIO_appl_src_20120401\lib_stm32\src\stm32f10x_exti_v0903.c
      1          /******************** (C) COPYRIGHT 2007 STMicroelectronics ********************
      2          * File Name          : stm32f10x_exti.c
      3          * Author             : MCD Application Team
      4          * Date First Issued  : 09/29/2006
      5          * Description        : This file provides all the EXTI firmware functions.
      6          ********************************************************************************
      7          * History:
      8          * 05/21/2007: V0.3
      9          * 04/02/2007: V0.2
     10          * 02/05/2007: V0.1
     11          * 09/29/2006: V0.01
     12          ********************************************************************************
     13          * THE PRESENT SOFTWARE WHICH IS FOR GUIDANCE ONLY AIMS AT PROVIDING CUSTOMERS
     14          * WITH CODING INFORMATION REGARDING THEIR PRODUCTS IN ORDER FOR THEM TO SAVE TIME.
     15          * AS A RESULT, STMICROELECTRONICS SHALL NOT BE HELD LIABLE FOR ANY DIRECT,
     16          * INDIRECT OR CONSEQUENTIAL DAMAGES WITH RESPECT TO ANY CLAIMS ARISING FROM THE
     17          * CONTENT OF SUCH SOFTWARE AND/OR THE USE MADE BY CUSTOMERS OF THE CODING
     18          * INFORMATION CONTAINED HEREIN IN CONNECTION WITH THEIR PRODUCTS.
     19          *******************************************************************************/
     20          
     21          /* Includes ------------------------------------------------------------------*/
     22          #include "stm32f10x_conf.h"
     23          
     24          /* Private typedef -----------------------------------------------------------*/
     25          /* Private define ------------------------------------------------------------*/
     26          #define EXTI_LineNone    ((u32)0x00000)  /* No interrupt selected */
     27          
     28          /* Private macro -------------------------------------------------------------*/
     29          /* Private variables ---------------------------------------------------------*/
     30          /* Private function prototypes -----------------------------------------------*/
     31          /* Private functions ---------------------------------------------------------*/
     32          
     33          /*******************************************************************************
     34          * Function Name  : EXTI_DeInit
     35          * Description    : Deinitializes the EXTI peripheral registers to their default 
     36          *                  reset values.
     37          * Input          : None
     38          * Output         : None
     39          * Return         : None
     40          *******************************************************************************/
     41          void EXTI_DeInit(void)
     42          {
     43          	EXTI->IMR = 0x00000000;
     44          	EXTI->EMR = 0x00000000;
     45          	EXTI->RTSR = 0x00000000; 
     46          	EXTI->FTSR = 0x00000000; 
     47          	EXTI->PR = 0x0007FFFF;
     48          }
     49          
     50          
     51          /*******************************************************************************
     52          * Function Name  : EXTI_Init
     53          * Description    : Initializes the EXTI peripheral according to the specified
     54          *                  parameters in the EXTI_InitStruct.
     55          * Input          : - tport   : pointer to a EXTI_InitTypeDef structure
     56          *                  - tpin    : 
     57          *				   - trigger :
     58          * Output         : None
     59          * Return         : None
     60          *******************************************************************************/
     61          
     62          void EXTI_Init(INT8U tport, INT8U tpin, INT8U trigger)
     63          {
     64          	GPIO_EXTILineConfig(tport, tpin);
     65          
     66          	EXTI->IMR |= (1 << tpin);	// 1: interrup not masked 0: disable
     67          
     68          	// Clear Rising Falling edge configuration
     69          	EXTI->RTSR &= ~(1 << tpin);
     70          	EXTI->FTSR &= ~(1 << tpin);
     71          
     72          	if(trigger == EXTI_RisingEdge)
     73          	{
     74          		EXTI->RTSR |= (1 << tpin);
     75          	}
     76          	else if(trigger == EXTI_FallingEdge)
     77          	{
     78          		EXTI->FTSR |= (1 << tpin);
     79          	}
     80          	else 
     81          	{
     82          		EXTI->RTSR |= (1 << tpin);
     83          		EXTI->FTSR |= (1 << tpin);
     84          	}
     85          
     86          	// interrutp enable
     87          	EXTI->SWIER |= (1 << tpin);
     88          }
     89          
     90          
     91          /* Configure EXTI Line9 to generate an interrupt on falling edge */  
     92          /**
     93          EXTI_InitStructure.EXTI_Line = EXTI_Line9;
     94          EXTI_InitStructure.EXTI_Mode = EXTI_Mode_Interrupt;
     95          EXTI_InitStructure.EXTI_Trigger = EXTI_Trigger_Falling;
     96          EXTI_InitStructure.EXTI_LineCmd = ENABLE;
     97          EXTI_Init(&EXTI_InitStructure);
     98          **/
     99          // Generate software interrupt: simulate a falling edge applied on EXTI line 9
    100          //EXTI_GenerateSWInterrupt(EXTI_Line9);
    101          /********
    102          void EXTI_Init(EXTI_InitTypeDef* EXTI_InitStruct)
    103          {
    104          	// Check the parameters
    105          	// assert(IS_EXTI_MODE(EXTI_InitStruct->EXTI_Mode));
    106          	// assert(IS_EXTI_TRIGGER(EXTI_InitStruct->EXTI_Trigger));
    107          	// assert(IS_EXTI_LINE(EXTI_InitStruct->EXTI_Line));  
    108          	// assert(IS_FUNCTIONAL_STATE(EXTI_InitStruct->EXTI_LineCmd));
    109          	 
    110          	if (EXTI_InitStruct->EXTI_LineCmd != DISABLE)
    111          	{
    112          	    *(u32 *)(EXTI_BASE + (u32)EXTI_InitStruct->EXTI_Mode)|= EXTI_InitStruct->EXTI_Line;
    113          
    114          	    // Clear Rising Falling edge configuration
    115          	    EXTI->RTSR &= ~EXTI_InitStruct->EXTI_Line;
    116          	    EXTI->FTSR &= ~EXTI_InitStruct->EXTI_Line;
    117          	    
    118          	    // Select the trigger for the selected external interrupts 
    119          	    if (EXTI_InitStruct->EXTI_Trigger == EXTI_Rising_FallingEdge)
    120          	    {
    121          	      // Rising Falling edge
    122          	      EXTI->RTSR |= EXTI_InitStruct->EXTI_Line;
    123          	      EXTI->FTSR |= EXTI_InitStruct->EXTI_Line;
    124          	    }
    125          	    else
    126          	    {
    127          	    	*(u32 *)(EXTI_BASE + (u32)EXTI_InitStruct->EXTI_Trigger)|= EXTI_InitStruct->EXTI_Line;
    128          	    }
    129          	}
    130          	else
    131          	{
    132          		// Disable the selected external lines
    133          		// *(u32 *)(EXTI_BASE + (u32)EXTI_InitStruct->EXTI_Mode)&= ~EXTI_InitStruct->EXTI_Line;
    134          	}
    135          }
    136          ****/
    137          /*******************************************************************************
    138          * Function Name  : EXTI_StructInit
    139          * Description    : Fills each EXTI_InitStruct member with its reset value.
    140          * Input          : - EXTI_InitStruct: pointer to a EXTI_InitTypeDef structure
    141          *                    which will be initialized.
    142          * Output         : None
    143          * Return         : None
    144          *******************************************************************************/
    145          void EXTI_StructInit(EXTI_InitTypeDef* EXTI_InitStruct)
    146          {
    147          
    148          
    149          }
    150          
    151          /*******************************************************************************
    152          * Function Name  : EXTI_GenerateSWInterrupt
    153          * Description    : Generates a Software interrupt.
    154          * Input          : - EXTI_Line: specifies the EXTI lines to be enabled or
    155          *                    disabled.
    156          *                    This parameter can be:
    157          *                       - EXTI_Linex: External interrupt line x where x(0..18)
    158          * Output         : None
    159          * Return         : None
    160          *******************************************************************************/
    161          void EXTI_GenerateSWInterrupt(u32 EXTI_Line)
    162          {
    163          	EXTI->SWIER |= EXTI_Line;
    164          }
    165          
    166          /*******************************************************************************
    167          * Function Name  : EXTI_GetFlagStatus
    168          * Description    : Checks whether the specified EXTI line flag is set or not.
    169          * Input          : - EXTI_Line: specifies the EXTI lines flag to check.
    170          *                    This parameter can be:
    171          *                       - EXTI_Linex: External interrupt line x where x(0..18)
    172          * Output         : None
    173          * Return         : The new state of EXTI_Line (SET or RESET).
    174          *******************************************************************************/
    175          u32 EXTI_GetFlagStatus(u32 EXTI_Line)
    176          {
    177          	u32 bitstatus = RESET;
    178          
    179          	if ((EXTI->PR & EXTI_Line) != (u32)RESET)
    180          	{
    181          		bitstatus = SET;
    182          	}
    183          	else
    184          	{
    185          		bitstatus = RESET;
    186          	}
    187          	return bitstatus;
    188          }
    189          
    190          /*******************************************************************************
    191          * Function Name  : EXTI_ClearFlag
    192          * Description    : Clears the EXTI’s line pending flags.
    193          * Input          : - EXTI_Line: specifies the EXTI lines flags to clear.
    194          *                    This parameter can be:
    195          *                       - EXTI_Linex: External interrupt line x where x(0..18)
    196          * Output         : None
    197          * Return         : None
    198          *******************************************************************************/
    199          void EXTI_ClearFlag(u32 EXTI_Line)
    200          {
    201          	EXTI->PR = EXTI_Line;
    202          }
    203          
    204          /*******************************************************************************
    205          * Function Name  : EXTI_GetITStatus
    206          * Description    : Checks whether the specified EXTI line is asserted or not.
    207          * Input          : - EXTI_Line: specifies the EXTI lines to check.
    208          *                    This parameter can be:
    209          *                       - EXTI_Linex: External interrupt line x where x(0..18)
    210          * Output         : None
    211          * Return         : The new state of EXTI_Line (SET or RESET).
    212          *******************************************************************************/
    213          u32 EXTI_GetITStatus(u32 EXTI_Line)
    214          {
    215          	ITStatus bitstatus = RESET;
    216          	u32 enablestatus = 0;
    217          
    218          	enablestatus =  EXTI->IMR & EXTI_Line;
    219          
    220          	if (((EXTI->PR & EXTI_Line) != (u32)RESET) && enablestatus)
    221          	{
    222          		bitstatus = SET;
    223          	}
    224          	else
    225          	{
    226          		bitstatus = RESET;
    227          	}
    228          	return bitstatus;
    229          }
    230          
    231          /*******************************************************************************
    232          * Function Name  : EXTI_ClearITPendingBit
    233          * Description    : Clears the EXTI’s line pending bits.
    234          * Input          : - EXTI_Line: specifies the EXTI lines to clear.
    235          *                    This parameter can be:
    236          *                       - EXTI_Linex: External interrupt line x where x(0..18)
    237          * Output         : None
    238          * Return         : None
    239          *******************************************************************************/
    240          void EXTI_ClearITPendingBit(u32 EXTI_Line)
    241          {
    242          	EXTI->PR = EXTI_Line;
    243          }
    244          
    245          /******************* (C) COPYRIGHT 2007 STMicroelectronics *****END OF FILE****/

   Maximum stack usage in bytes:

     Function                 .cstack
     --------                 -------
     EXTI_ClearFlag                0
     EXTI_ClearITPendingBit        0
     EXTI_DeInit                   0
     EXTI_GenerateSWInterrupt      0
     EXTI_GetFlagStatus            0
     EXTI_GetITStatus              0
     EXTI_Init                    16
     EXTI_StructInit               0


   Section sizes:

     Function/Label           Bytes
     --------------           -----
     EXTI_DeInit                24
     EXTI_Init                  72
     EXTI_StructInit             2
     EXTI_GenerateSWInterrupt   16
     EXTI_GetFlagStatus          8
     ?Subroutine0                8
     EXTI_ClearFlag              0
     ?Subroutine1                6
     EXTI_GetITStatus           20
     EXTI_ClearITPendingBit      2
     ??DataTable3                4
     ??DataTable4                4

 
 166 bytes in section .text
 
 166 bytes of CODE memory

Errors: none
Warnings: none
