###############################################################################
#                                                                             #
# IAR ANSI C/C++ Compiler V5.50.0.51878/W32 for ARM     23/Aug/2012  00:33:43 #
# Copyright (C) 1999-2010 IAR Systems AB.                                     #
#                                                                             #
#    Cpu mode     =  thumb                                                    #
#    Endian       =  little                                                   #
#    Source file  =  C:\user\project\FR-SSR\fw\appl_ssr_20120717\code\aa_Tabl #
#                    e.c                                                      #
#    Command line =  C:\user\project\FR-SSR\fw\appl_ssr_20120717\code\aa_Tabl #
#                    e.c -lcN C:\user\project\FR-SSR\fw\appl_ssr_20120717\sou #
#                    t\ -lB C:\user\project\FR-SSR\fw\appl_ssr_20120717\sout\ #
#                     -o C:\user\project\FR-SSR\fw\appl_ssr_20120717\sout\    #
#                    --endian=little --cpu=Cortex-M3 -e --require_prototypes  #
#                    --fpu=None --dlib_config "C:\compiler\ewarm              #
#                    5.5\arm\INC\DLib_Config_Normal.h" -I                     #
#                    C:\user\project\FR-SSR\fw\appl_ssr_20120717\include\ -I  #
#                    C:\user\project\FR-SSR\fw\appl_ssr_20120717\lib_stm32\in #
#                    c\ -I C:\user\project\FR-SSR\fw\appl_ssr_20120717\lib_st #
#                    m32\src\ -I C:\user\project\FR-SSR\fw\appl_ssr_20120717\ #
#                    uC-CPU\ -I C:\user\project\FR-SSR\fw\appl_ssr_20120717\u #
#                    C-LIB\ -I C:\user\project\FR-SSR\fw\appl_ssr_20120717\uC #
#                    OS-II\Ports\ -I C:\user\project\FR-SSR\fw\appl_ssr_20120 #
#                    717\uCOS-II\Source\ -I C:\user\project\FR-SSR\fw\appl_ss #
#                    r_20120717\uC-Probe\ -I "C:\compiler\ewarm               #
#                    5.5\arm\INC\" -Oh                                        #
#    List file    =  C:\user\project\FR-SSR\fw\appl_ssr_20120717\sout\aa_Tabl #
#                    e.lst                                                    #
#    Object file  =  C:\user\project\FR-SSR\fw\appl_ssr_20120717\sout\aa_Tabl #
#                    e.o                                                      #
#                                                                             #
#                                                                             #
###############################################################################

C:\user\project\FR-SSR\fw\appl_ssr_20120717\code\aa_Table.c
      1          /******************** (C) COPYRIGHT 2008 STMicroelectronics ********************
      2          * File Name          : fsmc_sram.h
      3          * Author             : MCD Application Team
      4          * Version            : V2.0.2
      5          * Date               : 07/11/2008
      6          * Description        : Header for fsmc_sram.c file.
      7          ********************************************************************************
      8          * THE PRESENT FIRMWARE WHICH IS FOR GUIDANCE ONLY AIMS AT PROVIDING CUSTOMERS
      9          * WITH CODING INFORMATION REGARDING THEIR PRODUCTS IN ORDER FOR THEM TO SAVE TIME.
     10          * AS A RESULT, STMICROELECTRONICS SHALL NOT BE HELD LIABLE FOR ANY DIRECT,
     11          * INDIRECT OR CONSEQUENTIAL DAMAGES WITH RESPECT TO ANY CLAIMS ARISING FROM THE
     12          * CONTENT OF SUCH FIRMWARE AND/OR THE USE MADE BY CUSTOMERS OF THE CODING
     13          * INFORMATION CONTAINED HEREIN IN CONNECTION WITH THEIR PRODUCTS.
     14          *******************************************************************************/
     15          #define TABLE_C
     16          
     17          #include "../include/main.h"
     18          
     19          void LoadTable(void)
     20          {
     21          /*********************
     22          	INT32U i = 0;
     23          	INT8U *dptr = (INT8U *)OutputTable;
     24          
     25          	for(i = 0; i < sizeof(__OutputTable); i++)
     26          	{
     27          		*dptr++ = ReadEEprom(TableBp + i);
     28          	}
     29          
     30          	dptr = (INT8U *)AttnTable;
     31          
     32          	for(i = 0; i < sizeof(AttnTable); i++)
     33          	{
     34          		*dptr++ = ReadEEprom(AttnTableBp + i);
     35          	}
     36          *********************/	
     37          }
     38          
     39          
     40          void Response_Table(__ProtocolPtr *nPtr)
     41          {
     42          	INT8S tIndex = 0;
     43          	INT32U i = 0;
     44          	INT32U tbllen = TableMAX62*2L;		//, mlen = 0;
     45          	
     46          	SIO *Recv = nPtr->Recv;
     47          	SIO *Send = nPtr->Send;
     48          
     49          	INT8U *tblptr;
     50          	
     51          	INT32U cpu_sr;
     52          
     53          	//Comm = rBodyFrame->Command;
     54          	tIndex = Recv->Data[0];
     55          
     56          	OS_ENTER_CRITICAL();
     57          
     58          	if(tIndex == 22 || tIndex == 23)
     59          	{
     60          		EE_BACK1 *tptr;
     61          
     62          		tptr = (EE_BACK1 *)RoadBackuptobuffer(vEE_BACK1Addr); // load flash data!!
     63          
     64          		switch(tIndex)
     65          		{
     66          			case 22:
     67          				tblptr = (INT8U *)tptr->BackUp.TempPllTable1;
     68          			break;
     69          
     70          			case 23:
     71          				tblptr = (INT8U *)tptr->BackUp.TempPllTable2;
     72          			break;
     73          		}
     74          		
     75          		if(Recv->Command == DTableStsRQST)
     76          		{
     77          			Send->Command = DTableStsRSPS;
     78          		}
     79          		else if(Recv->Command == DTableSetRQST)
     80          		{
     81          			Send->Command = DTableSetRSPS;
     82          			for(i = 0; i < tbllen; i++) tblptr[i] = Recv->Data[i+1];
     83          			WriteBuffertoBackup(vEE_BACK1Addr, sizeof(EE_TABLE));
     84          		}
     85          	}
     86          	else {
     87          		EE_TABLE *tptr;
     88          
     89          		tptr = (EE_TABLE *)RoadBackuptobuffer(vEE_TABLEAddr); // load flash data!!
     90          
     91          		switch(tIndex)
     92          		{
     93          			case 0:
     94          				tblptr = (INT8U *)tptr->Table.FwdPowerTable1;
     95          			break;
     96          
     97          			case 2:
     98          				tblptr = (INT8U *)tptr->Table.RvsPowerTable1;
     99          			break;
    100          			
    101          			case 4:
    102          				tblptr = (INT8U *)tptr->Table.FwdPowerTable2;
    103          			break;
    104          
    105          			case 6:
    106          				tblptr = (INT8U *)tptr->Table.RvsPowerTable2;
    107          			break;
    108          
    109          			case 8:
    110          				tblptr = (INT8U *)tptr->Table.FwdTempAttnTable;
    111          			break;
    112          
    113          			case 9:
    114          				tblptr = (INT8U *)tptr->Table.RvsTempAttnTable;
    115          			break;
    116          
    117          			case 12:
    118          				tblptr = (INT8U *)tptr->Table.FwdAttnTable1;
    119          			break;
    120          
    121          			case 13:
    122          				tblptr = (INT8U *)tptr->Table.FwdAttnTable2;
    123          			break;
    124          
    125          			case 14:
    126          				tblptr = (INT8U *)tptr->Table.RvsRssiTable1;
    127          			break;
    128          			
    129          			case 15:
    130          				tblptr = (INT8U *)tptr->Table.RvsRssiTable2;
    131          			break;
    132          
    133          			case 16:
    134          				tblptr = (INT8U *)tptr->Table.FwdTempAttnTable2;
    135          			break;
    136          
    137          			case 17:
    138          				tblptr = (INT8U *)tptr->Table.RvsTempAttnTable2;
    139          			break;
    140          
    141          			case 18:
    142          				tblptr = (INT8U *)tptr->Table.RvsAttnTable1;
    143          			break;
    144          			
    145          			case 19:
    146          				tblptr = (INT8U *)tptr->Table.RvsAttnTable2;
    147          			break;
    148          
    149          			case 20:
    150          				tblptr = (INT8U *)tptr->Table.SleepLimitTable1;
    151          			break;
    152          			
    153          			case 21:
    154          				tblptr = (INT8U *)tptr->Table.SleepLimitTable2;
    155          			break;
    156          
    157          			default: OS_EXIT_CRITICAL(); return;
    158          		}
    159          
    160          		if(Recv->Command == DTableStsRQST)
    161          		{
    162          			Send->Command = DTableStsRSPS;
    163          		}
    164          		else if(Recv->Command == DTableSetRQST)
    165          		{
    166          			Send->Command = DTableSetRSPS;
    167          			for(i = 0; i < tbllen; i++) tblptr[i] = Recv->Data[i+1];
    168          			WriteBuffertoBackup(vEE_TABLEAddr, sizeof(EE_TABLE));
    169          		}
    170          	}
    171          
    172          	Send->Data[0] = Recv->Data[0];
    173          	for(i = 0; i < tbllen; i++) Send->Data[i+1] = tblptr[i];
    174          
    175          	OS_EXIT_CRITICAL();
    176          
    177          	SioDataAckTx(Recv->SUBID1, Recv->SUBID2,(INT8U *)Send->Data, tbllen + 1, Send->Command, nPtr);
    178          }
    179          
    180          // sptr(setup ptr)
    181          void TableIndexBackup(INT16U EEADDR, INT32U sptr, INT32U len)
    182          {
    183          
    184          	INT32U i = 0;
    185          	INT8U *ptr = ((INT8U *)sptr);
    186          	INT8U verify = 0;
    187          	
    188          	for(i = 0; i < len; i++) 
    189          	{
    190          		verify = *ptr;
    191          		if(verify != (INT8U)WriteEEprom(EEADDR++, *ptr++))
    192          		{
    193          			#ifdef Debug_Mode
    194          				Ser1Printf("error\n");
    195          			#endif
    196          			return;
    197          		}
    198          	}
    199          }
    200          
    201          
    202          void DefaultTableSet(INT8U tmpMaker)
    203          {
    204          	INT8U i = 0;
    205          	INT32U cpu_sr;
    206          	
    207          	OS_ENTER_CRITICAL();
    208          
    209          	{
    210          		EE_TABLE *tptr;
    211          
    212          		tptr = (EE_TABLE *)RoadBackuptobuffer(vEE_TABLEAddr); // load flash data!!
    213          
    214          		for(i = 0; i < TableMAX62 + 2; i++)
    215          		{
    216          			tptr->Table.FwdPowerTable1[i] = (INT16U)m_TX_TABLE_LTE[i];
    217          			tptr->Table.RvsPowerTable1[i] = (INT16U)m_RX_TABLE_LTE[i];
    218          			tptr->Table.FwdPowerTable2[i] = (INT16U)m_TX_TABLE_3G[i];
    219          			tptr->Table.RvsPowerTable2[i] = (INT16U)m_RX_TABLE_3G[i];
    220          			tptr->Table.FwdTempAttnTable[i] = (INT16U)m_TX_TEMP_ATTN_LTE[i];
    221          			tptr->Table.RvsTempAttnTable[i] = (INT16U)m_RX_TEMP_ATTN_LTE[i];
    222          
    223          			tptr->Table.FwdAttnTable1[i] = (INT16U)m_TX_ATTN_LTE[i];
    224          			tptr->Table.FwdAttnTable2[i] = (INT16U)m_TX_ATTN_3G[i];
    225          			
    226          			tptr->Table.FwdTempAttnTable2[i] = (INT16U)m_TX_TEMP_ATTN_3G[i];
    227          			tptr->Table.RvsTempAttnTable2[i] = (INT16U)m_RX_TEMP_ATTN_3G[i];
    228          			
    229          			tptr->Table.RvsAttnTable1[i] = (INT16U)m_RX_ATTN_LTE[i];
    230          			tptr->Table.RvsAttnTable2[i] = (INT16U)m_RX_ATTN_3G[i];
    231          
    232          			tptr->Table.SleepLimitTable1[i] = (INT16U)m_SLEEP_TABLE_LTE[i];
    233          			tptr->Table.SleepLimitTable2[i] = (INT16U)m_SLEEP_TABLE_3G[i];
    234          		}
    235          
    236          		WriteBuffertoBackup(vEE_TABLEAddr, sizeof(EE_TABLE));
    237          	}
    238          	{
    239          		EE_BACK1 *tptr;
    240          
    241          		tptr = (EE_BACK1 *)RoadBackuptobuffer(vEE_BACK1Addr); // load flash data!!
    242          
    243          		for(i = 0; i < TableMAX62 + 2; i++){
    244          			tptr->BackUp.TempPllTable1[i] = (INT16U)m_PLL_TEMP_LTE[i];
    245          			tptr->BackUp.TempPllTable2[i] = (INT16U)m_PLL_TEMP_3G[i];
    246          		}
    247          		WriteBuffertoBackup(vEE_BACK1Addr, sizeof(EE_BACK1));
    248          
    249          	}
    250          	OS_EXIT_CRITICAL();
    251          }
    252          
    253          
    254          INT32S ReadPwrTableRmt(INT32U AdcValue, INT8S tIndex, INT8U roundingoff, INT8U *isminval)
    255          {
    256            return 0;
    257          }
    258          
    259          #if 0
    260          INT32S ReadPwrTable(INT32U AdcValue, INT8S tIndex, INT8U roundingoff, INT8U *isminval)
    261          {
    262          	INT16U *table =(INT16U *)(&vEE_TABLE->Table + tIndex*TableMAX62);
    263          	INT32S i = 0, j = 0;
    264          	INT16U *dptr = table->Data;
    265          	INT32S limit = table->limit;
    266          	INT32S nsize = table->nsize;
    267          	INT32S rvalx10;
    268          
    269          //	if	((tIndex == 2 )||(tIndex == 3 ))
    270          //	{
    271          //		rvalx10 = (limit/1)*10L;
    272          
    273          //	}
    274          //	else
    275          //	{
    276          		rvalx10 = (limit/2)*10L;
    277          //	}
    278          
    279          	*isminval = FALSE;
    280          	
    281          	for(i = 0; i < nsize && i < TableMAX62; i++)
    282          	{
    283          		if(AdcValue >= dptr[i]) break;
    284          	}
    285          
    286          	if(i == nsize || i == TableMAX62)
    287          	{
    288          		if(nsize != 0) i--;
    289          		*isminval = TRUE;
    290          	}
    291          
    292          	rvalx10 = rvalx10 - (i*10L);
    293          
    294          	if(i != 0 && *isminval == FALSE)
    295          	{
    296          		INT32U stepx10 = ((dptr[i-1] - dptr[i])*10L)/10L;
    297          		INT32U tmp;
    298          		
    299          		for(j = 0; j < 10; j++)
    300          		{
    301          			tmp = (dptr[i]*10 + j*stepx10);
    302          			if(tmp >= (AdcValue*10L)) break;			
    303          		}		
    304          		if(roundingoff == TRUE)// 반올림..
    305          		{
    306          			     if(j >= 8)  j = 10;
    307          			else if(j >= 3)  j = 5;
    308          			else			 j = 0;
    309          		}		
    310          	}
    311          	
    312          	return (rvalx10 + j)*2L;
    313          }
    314          #endif
    315          
    316          // KT CASE !!
    317          INT32S ReadPwrTableAscending(INT32U AdcValue, INT8S tIndex, INT8U roundingoff, INT8U *isminval)//, INT16S limit, INT16U nsize)
    318          {
    319          	INT16U *dptr =((INT16U *)&vEE_TABLE->Table + tIndex*(TableMAX62+2));
    320          	INT32S i = 0, j = 0;
    321          	INT32S rvalx10 = 0;
    322          	INT16S limit = 0;
    323          	INT16U nsize = 0;
    324          
    325          	*isminval = FALSE;
    326          
    327          	limit = (INT16S)dptr[0];
    328          	nsize = dptr[1];
    329              
    330              rvalx10 = limit*10L;
    331             
    332          	for(i = 0; i < nsize && i < TableMAX62; i++)
    333          	{
    334          		if(AdcValue < dptr[i + (2)]) break;
    335          	}
    336          
    337          	if(i == 0)
    338          	{
    339          		*isminval = TRUE;
    340          	}
    341          
    342          	rvalx10 = rvalx10 + (i*10L);
    343          
    344          	if( (i != TableMAX62 && i != nsize) && i != 0)
    345          	{
    346          		INT32U stepx10 = ((dptr[i + (2)] - dptr[i-1 + (2)])*10L)/10L;
    347          		INT32U tmp;
    348          
    349          		for(j = 0; j < 10; j++)
    350          		{
    351          			tmp = (dptr[i + (2)]*10 - j*stepx10);
    352          			if((AdcValue*10L) > tmp ) break;			
    353          		}
    354          			
    355          		if(roundingoff == TRUE)// 반올림..
    356          		{
    357          			     if(j >= 8)  j = 10;
    358          			else if(j >= 3)  j = 5;
    359          			else			 j = 0;
    360          		}		
    361          	}
    362          
    363          	return (rvalx10 - j);
    364          }
    365          
    366          ////////////////////////////////////////////////////////////////////////////////
    367          // End of Source File
    368          /////////////////////
    369          

   Maximum stack usage in bytes:

     Function              .cstack
     --------              -------
     DefaultTableSet           64
     LoadTable                  0
     ReadPwrTableAscending     24
     ReadPwrTableRmt            0
     Response_Table            40
     TableIndexBackup          24


   Section sizes:

     Function/Label        Bytes
     --------------        -----
     m_RX_TABLE_3G         1376
     m_SLEEP_TABLE_3G
     m_TX_TABLE_3G
     m_RX_TABLE_LTE
     m_SLEEP_TABLE_LTE
     m_TX_TABLE_LTE
     m_TX_ATTN_LTE
     m_RX_ATTN_LTE
     m_TX_ATTN_3G
     m_RX_ATTN_3G
     m_TX_TEMP_ATTN_LTE
     m_RX_TEMP_ATTN_LTE
     m_TX_TEMP_ATTN_3G
     m_RX_TEMP_ATTN_3G
     m_PLL_TEMP_LTE
     m_PLL_TEMP_3G
     tmplimit                 1
     LoadTable                2
     Response_Table         302
     TableIndexBackup        46
     DefaultTableSet        318
     ReadPwrTableRmt          4
     ReadPwrTableAscending  148
     ??DataTable2             4
     ??DataTable2_1           4
     ??DataTable2_2           4
     ??DataTable2_3           4

 
     1 byte  in section .bss
 1 376 bytes in section .rodata
   836 bytes in section .text
 
   836 bytes of CODE  memory
 1 376 bytes of CONST memory
     1 byte  of DATA  memory

Errors: none
Warnings: none
