###############################################################################
#                                                                             #
# IAR ANSI C/C++ Compiler V6.30.1.53127/W32 for ARM     07/Jan/2014  16:08:53 #
# Copyright 1999-2011 IAR Systems AB.                                         #
#                                                                             #
#    Cpu mode     =  thumb                                                    #
#    Endian       =  little                                                   #
#    Source file  =  C:\Project\TRIO\2차버전\3.F_W\appl_stm207_20131104 -     #
#                    복사본\STM32F2xx_StdPeriph_Driver_v1212\src\stm32f2xx_ex #
#                    ti.c                                                     #
#    Command line =  "C:\Project\TRIO\2차버전\3.F_W\appl_stm207_20131104 -    #
#                    복사본\STM32F2xx_StdPeriph_Driver_v1212\src\stm32f2xx_ex #
#                    ti.c" -D NDEBUG -lC "C:\Project\TRIO\2차버전\3.F_W\appl_ #
#                    stm207_20131104 - 복사본\STM32F2xx_StdPeriph_Driver_v121 #
#                    2\ewarm\sout\" -o "C:\Project\TRIO\2차버전\3.F_W\appl_st #
#                    m207_20131104 - 복사본\STM32F2xx_StdPeriph_Driver_v1212\ #
#                    ewarm\sout\" --endian=little --cpu=Cortex-M3 -e          #
#                    --fpu=None --dlib_config "C:\Program Files (x86)\IAR     #
#                    Systems\Embedded Workbench 6.0_2\arm\INC\c\DLib_Config_N #
#                    ormal.h" -I "C:\Project\TRIO\2차버전\3.F_W\appl_stm207_2 #
#                    0131104 - 복사본\STM32F2xx_StdPeriph_Driver_v1212\ewarm\ #
#                    ..\" -I "C:\Project\TRIO\2차버전\3.F_W\appl_stm207_20131 #
#                    104 - 복사본\STM32F2xx_StdPeriph_Driver_v1212\ewarm\..\i #
#                    nc\" -I "C:\Project\TRIO\2차버전\3.F_W\appl_stm207_20131 #
#                    104 - 복사본\STM32F2xx_StdPeriph_Driver_v1212\ewarm\..\. #
#                    .\uC-CPU\" -I "C:\Project\TRIO\2차버전\3.F_W\appl_stm207 #
#                    _20131104 - 복사본\STM32F2xx_StdPeriph_Driver_v1212\ewar #
#                    m\..\..\uC-LIB\" -I "C:\Project\TRIO\2차버전\3.F_W\appl_ #
#                    stm207_20131104 - 복사본\STM32F2xx_StdPeriph_Driver_v121 #
#                    2\ewarm\..\..\uCOS-II\Ports\" -I                         #
#                    "C:\Project\TRIO\2차버전\3.F_W\appl_stm207_20131104 -    #
#                    복사본\STM32F2xx_StdPeriph_Driver_v1212\ewarm\..\..\uCOS #
#                    -II\Source\" -Oh                                         #
#    List file    =  C:\Project\TRIO\2차버전\3.F_W\appl_stm207_20131104 -     #
#                    복사본\STM32F2xx_StdPeriph_Driver_v1212\ewarm\sout\stm32 #
#                    f2xx_exti.lst                                            #
#    Object file  =  C:\Project\TRIO\2차버전\3.F_W\appl_stm207_20131104 -     #
#                    복사본\STM32F2xx_StdPeriph_Driver_v1212\ewarm\sout\stm32 #
#                    f2xx_exti.o                                              #
#                                                                             #
#                                                                             #
###############################################################################

C:\Project\TRIO\2차버전\3.F_W\appl_stm207_20131104 - 복사본\STM32F2xx_StdPeriph_Driver_v1212\src\stm32f2xx_exti.c
      1          /**
      2            ******************************************************************************
      3            * @file    stm32f2xx_exti.c
      4            * @author  MCD Application Team
      5            * @version V1.0.0
      6            * @date    18-April-2011
      7            * @brief   This file provides firmware functions to manage the following 
      8            *          functionalities of the EXTI peripheral:           
      9            *           - Initialization and Configuration
     10            *           - Interrupts and flags management
     11            *
     12            *  @verbatim  
     13            *  
     14            *          ===================================================================
     15            *                                     EXTI features
     16            *          ===================================================================
     17            *    
     18            *          External interrupt/event lines are mapped as following:
     19            *            1- All available GPIO pins are connected to the 16 external 
     20            *               interrupt/event lines from EXTI0 to EXTI15.
     21            *            2- EXTI line 16 is connected to the PVD Output
     22            *            3- EXTI line 17 is connected to the RTC Alarm event
     23            *            4- EXTI line 18 is connected to the USB OTG FS Wakeup from suspend event                                    
     24            *            5- EXTI line 19 is connected to the Ethernet Wakeup event
     25            *            6- EXTI line 20 is connected to the USB OTG HS (configured in FS) Wakeup event 
     26            *            7- EXTI line 21 is connected to the RTC Tamper and Time Stamp events                                               
     27            *            8- EXTI line 22 is connected to the RTC Wakeup event
     28            *        
     29            *          ===================================================================
     30            *                                 How to use this driver
     31            *          ===================================================================  
     32            *              
     33            *          In order to use an I/O pin as an external interrupt source, follow
     34            *          steps below:
     35            *            1- Configure the I/O in input mode using GPIO_Init()
     36            *            2- Select the input source pin for the EXTI line using SYSCFG_EXTILineConfig()
     37            *            3- Select the mode(interrupt, event) and configure the trigger 
     38            *               selection (Rising, falling or both) using EXTI_Init()
     39            *            4- Configure NVIC IRQ channel mapped to the EXTI line using NVIC_Init()
     40            *   
     41            *  @note  SYSCFG APB clock must be enabled to get write access to SYSCFG_EXTICRx
     42            *         registers using RCC_APB2PeriphClockCmd(RCC_APB2Periph_SYSCFG, ENABLE);
     43            *          
     44            *  @endverbatim                  
     45            *
     46            ******************************************************************************
     47            * @attention
     48            *
     49            * THE PRESENT FIRMWARE WHICH IS FOR GUIDANCE ONLY AIMS AT PROVIDING CUSTOMERS
     50            * WITH CODING INFORMATION REGARDING THEIR PRODUCTS IN ORDER FOR THEM TO SAVE
     51            * TIME. AS A RESULT, STMICROELECTRONICS SHALL NOT BE HELD LIABLE FOR ANY
     52            * DIRECT, INDIRECT OR CONSEQUENTIAL DAMAGES WITH RESPECT TO ANY CLAIMS ARISING
     53            * FROM THE CONTENT OF SUCH FIRMWARE AND/OR THE USE MADE BY CUSTOMERS OF THE
     54            * CODING INFORMATION CONTAINED HEREIN IN CONNECTION WITH THEIR PRODUCTS.
     55            *
     56            * <h2><center>&copy; COPYRIGHT 2011 STMicroelectronics</center></h2>
     57            ******************************************************************************
     58            */
     59          
     60          /* Includes ------------------------------------------------------------------*/
     61          #include "stm32f2xx_1212.h"
     62          
     63          /** @addtogroup STM32F2xx_StdPeriph_Driver
     64            * @{
     65            */
     66          
     67          /** @defgroup EXTI 
     68            * @brief EXTI driver modules
     69            * @{
     70            */
     71          
     72          /* Private typedef -----------------------------------------------------------*/
     73          /* Private define ------------------------------------------------------------*/
     74          
     75          #define EXTI_LINENONE    ((uint32_t)0x00000)  /* No interrupt selected */
     76          
     77          /* Private macro -------------------------------------------------------------*/
     78          /* Private variables ---------------------------------------------------------*/
     79          /* Private function prototypes -----------------------------------------------*/
     80          /* Private functions ---------------------------------------------------------*/
     81          
     82          /** @defgroup EXTI_Private_Functions
     83            * @{
     84            */
     85          
     86          /** @defgroup EXTI_Group1 Initialization and Configuration functions
     87           *  @brief   Initialization and Configuration functions 
     88           *
     89          @verbatim   
     90           ===============================================================================
     91                            Initialization and Configuration functions
     92           ===============================================================================  
     93          
     94          @endverbatim
     95            * @{
     96            */
     97          
     98          /**
     99            * @brief  Deinitializes the EXTI peripheral registers to their default reset values.
    100            * @param  None
    101            * @retval None
    102            */

   \                                 In section .text, align 2, keep-with-next
    103          void EXTI_DeInit(void)
    104          {
    105            EXTI->IMR = 0x00000000;
   \                     EXTI_DeInit:
   \   00000000   0x....             LDR.N    R0,??DataTable5  ;; 0x40013c00
   \   00000002   0x2100             MOVS     R1,#+0
   \   00000004   0x6001             STR      R1,[R0, #+0]
    106            EXTI->EMR = 0x00000000;
   \   00000006   0x6041             STR      R1,[R0, #+4]
    107            EXTI->RTSR = 0x00000000;
   \   00000008   0x6081             STR      R1,[R0, #+8]
    108            EXTI->FTSR = 0x00000000;
   \   0000000A   0x60C1             STR      R1,[R0, #+12]
    109            EXTI->PR = 0x007FFFFF;
   \   0000000C   0x....             LDR.N    R1,??DataTable5_1  ;; 0x7fffff
   \   0000000E   0x6141             STR      R1,[R0, #+20]
    110          }
   \   00000010   0x4770             BX       LR               ;; return
    111          
    112          /**
    113            * @brief  Initializes the EXTI peripheral according to the specified
    114            *         parameters in the EXTI_InitStruct.
    115            * @param  EXTI_InitStruct: pointer to a EXTI_InitTypeDef structure
    116            *         that contains the configuration information for the EXTI peripheral.
    117            * @retval None
    118            */

   \                                 In section .text, align 2, keep-with-next
    119          void EXTI_Init(EXTI_InitTypeDef* EXTI_InitStruct)
    120          {
   \                     EXTI_Init:
   \   00000000   0xB430             PUSH     {R4,R5}
    121            uint32_t tmp = 0;
    122          
    123            /* Check the parameters */
    124            assert_param(IS_EXTI_MODE(EXTI_InitStruct->EXTI_Mode));
    125            assert_param(IS_EXTI_TRIGGER(EXTI_InitStruct->EXTI_Trigger));
    126            assert_param(IS_EXTI_LINE(EXTI_InitStruct->EXTI_Line));  
    127            assert_param(IS_FUNCTIONAL_STATE(EXTI_InitStruct->EXTI_LineCmd));
    128          
    129            tmp = (uint32_t)EXTI_BASE;
    130               
    131            if (EXTI_InitStruct->EXTI_LineCmd != DISABLE)
   \   00000002   0x6801             LDR      R1,[R0, #+0]
   \   00000004   0x43CB             MVNS     R3,R1
   \   00000006   0x....             LDR.N    R1,??DataTable5  ;; 0x40013c00
   \   00000008   0x7982             LDRB     R2,[R0, #+6]
   \   0000000A   0xB32A             CBZ.N    R2,??EXTI_Init_0
    132            {
    133              /* Clear EXTI line configuration */
    134              EXTI->IMR &= ~EXTI_InitStruct->EXTI_Line;
   \   0000000C   0x460A             MOV      R2,R1
   \   0000000E   0x6814             LDR      R4,[R2, #+0]
   \   00000010   0x4023             ANDS     R3,R3,R4
   \   00000012   0x6013             STR      R3,[R2, #+0]
    135              EXTI->EMR &= ~EXTI_InitStruct->EXTI_Line;
   \   00000014   0x6853             LDR      R3,[R2, #+4]
   \   00000016   0x6804             LDR      R4,[R0, #+0]
   \   00000018   0x43A3             BICS     R3,R3,R4
   \   0000001A   0x6053             STR      R3,[R2, #+4]
    136              
    137              tmp += EXTI_InitStruct->EXTI_Mode;
   \   0000001C   0x7903             LDRB     R3,[R0, #+4]
   \   0000001E   0x18CC             ADDS     R4,R1,R3
    138          
    139              *(__IO uint32_t *) tmp |= EXTI_InitStruct->EXTI_Line;
   \   00000020   0x6823             LDR      R3,[R4, #+0]
   \   00000022   0x6805             LDR      R5,[R0, #+0]
   \   00000024   0x432B             ORRS     R3,R5,R3
   \   00000026   0x6023             STR      R3,[R4, #+0]
    140          
    141              /* Clear Rising Falling edge configuration */
    142              EXTI->RTSR &= ~EXTI_InitStruct->EXTI_Line;
   \   00000028   0x6893             LDR      R3,[R2, #+8]
   \   0000002A   0x6804             LDR      R4,[R0, #+0]
   \   0000002C   0x43A3             BICS     R3,R3,R4
   \   0000002E   0x6093             STR      R3,[R2, #+8]
    143              EXTI->FTSR &= ~EXTI_InitStruct->EXTI_Line;
   \   00000030   0x68D3             LDR      R3,[R2, #+12]
   \   00000032   0x6804             LDR      R4,[R0, #+0]
   \   00000034   0x43A3             BICS     R3,R3,R4
   \   00000036   0x60D3             STR      R3,[R2, #+12]
    144              
    145              /* Select the trigger for the selected external interrupts */
    146              if (EXTI_InitStruct->EXTI_Trigger == EXTI_Trigger_Rising_Falling)
   \   00000038   0x7943             LDRB     R3,[R0, #+5]
   \   0000003A   0x6805             LDR      R5,[R0, #+0]
   \   0000003C   0x2B10             CMP      R3,#+16
   \   0000003E   0xD107             BNE.N    ??EXTI_Init_1
    147              {
    148                /* Rising Falling edge */
    149                EXTI->RTSR |= EXTI_InitStruct->EXTI_Line;
   \   00000040   0x6891             LDR      R1,[R2, #+8]
   \   00000042   0x4329             ORRS     R1,R5,R1
   \   00000044   0x6091             STR      R1,[R2, #+8]
    150                EXTI->FTSR |= EXTI_InitStruct->EXTI_Line;
   \   00000046   0x68D1             LDR      R1,[R2, #+12]
   \   00000048   0x6800             LDR      R0,[R0, #+0]
   \   0000004A   0x4308             ORRS     R0,R0,R1
   \   0000004C   0x60D0             STR      R0,[R2, #+12]
   \   0000004E   0xE008             B.N      ??EXTI_Init_2
    151              }
    152              else
    153              {
    154                tmp = (uint32_t)EXTI_BASE;
    155                tmp += EXTI_InitStruct->EXTI_Trigger;
   \                     ??EXTI_Init_1:
   \   00000050   0x18CC             ADDS     R4,R1,R3
    156          
    157                *(__IO uint32_t *) tmp |= EXTI_InitStruct->EXTI_Line;
   \   00000052   0x6820             LDR      R0,[R4, #+0]
   \   00000054   0x4328             ORRS     R0,R5,R0
   \   00000056   0xE003             B.N      ??EXTI_Init_3
    158              }
    159            }
    160            else
    161            {
    162              tmp += EXTI_InitStruct->EXTI_Mode;
   \                     ??EXTI_Init_0:
   \   00000058   0x7900             LDRB     R0,[R0, #+4]
   \   0000005A   0x180C             ADDS     R4,R1,R0
    163          
    164              /* Disable the selected external lines */
    165              *(__IO uint32_t *) tmp &= ~EXTI_InitStruct->EXTI_Line;
   \   0000005C   0x6820             LDR      R0,[R4, #+0]
   \   0000005E   0x4018             ANDS     R0,R3,R0
   \                     ??EXTI_Init_3:
   \   00000060   0x6020             STR      R0,[R4, #+0]
    166            }
    167          }
   \                     ??EXTI_Init_2:
   \   00000062   0xBC30             POP      {R4,R5}
   \   00000064   0x4770             BX       LR               ;; return
    168          
    169          /**
    170            * @brief  Fills each EXTI_InitStruct member with its reset value.
    171            * @param  EXTI_InitStruct: pointer to a EXTI_InitTypeDef structure which will
    172            *         be initialized.
    173            * @retval None
    174            */

   \                                 In section .text, align 2, keep-with-next
    175          void EXTI_StructInit(EXTI_InitTypeDef* EXTI_InitStruct)
    176          {
    177            EXTI_InitStruct->EXTI_Line = EXTI_LINENONE;
   \                     EXTI_StructInit:
   \   00000000   0x2100             MOVS     R1,#+0
   \   00000002   0x6001             STR      R1,[R0, #+0]
    178            EXTI_InitStruct->EXTI_Mode = EXTI_Mode_Interrupt;
   \   00000004   0x7101             STRB     R1,[R0, #+4]
    179            EXTI_InitStruct->EXTI_Trigger = EXTI_Trigger_Falling;
   \   00000006   0x210C             MOVS     R1,#+12
   \   00000008   0x7141             STRB     R1,[R0, #+5]
    180            EXTI_InitStruct->EXTI_LineCmd = DISABLE;
   \   0000000A   0x2100             MOVS     R1,#+0
   \   0000000C   0x7181             STRB     R1,[R0, #+6]
    181          }
   \   0000000E   0x4770             BX       LR               ;; return
    182          
    183          /**
    184            * @brief  Generates a Software interrupt on selected EXTI line.
    185            * @param  EXTI_Line: specifies the EXTI line on which the software interrupt
    186            *         will be generated.
    187            *         This parameter can be any combination of EXTI_Linex where x can be (0..22)
    188            * @retval None
    189            */

   \                                 In section .text, align 2, keep-with-next
    190          void EXTI_GenerateSWInterrupt(uint32_t EXTI_Line)
    191          {
    192            /* Check the parameters */
    193            assert_param(IS_EXTI_LINE(EXTI_Line));
    194            
    195            EXTI->SWIER |= EXTI_Line;
   \                     EXTI_GenerateSWInterrupt:
   \   00000000   0x....             LDR.N    R1,??DataTable5_2  ;; 0x40013c10
   \   00000002   0x680A             LDR      R2,[R1, #+0]
   \   00000004   0x4310             ORRS     R0,R0,R2
   \   00000006   0x6008             STR      R0,[R1, #+0]
    196          }
   \   00000008   0x4770             BX       LR               ;; return
    197          
    198          /**
    199            * @}
    200            */
    201          
    202          /** @defgroup EXTI_Group2 Interrupts and flags management functions
    203           *  @brief   Interrupts and flags management functions 
    204           *
    205          @verbatim   
    206           ===============================================================================
    207                            Interrupts and flags management functions
    208           ===============================================================================  
    209          
    210          @endverbatim
    211            * @{
    212            */
    213          
    214          /**
    215            * @brief  Checks whether the specified EXTI line flag is set or not.
    216            * @param  EXTI_Line: specifies the EXTI line flag to check.
    217            *          This parameter can be EXTI_Linex where x can be(0..22)
    218            * @retval The new state of EXTI_Line (SET or RESET).
    219            */

   \                                 In section .text, align 2, keep-with-next
    220          FlagStatus EXTI_GetFlagStatus(uint32_t EXTI_Line)
    221          {
    222            FlagStatus bitstatus = RESET;
   \                     EXTI_GetFlagStatus:
   \   00000000   0x2100             MOVS     R1,#+0
    223            /* Check the parameters */
    224            assert_param(IS_GET_EXTI_LINE(EXTI_Line));
    225            
    226            if ((EXTI->PR & EXTI_Line) != (uint32_t)RESET)
   \   00000002   0x....             LDR.N    R2,??DataTable5_3  ;; 0x40013c14
   \   00000004   0x6812             LDR      R2,[R2, #+0]
   \   00000006   0x4202             TST      R2,R0
   \   00000008   0xBF18             IT       NE 
   \   0000000A   0x2101             MOVNE    R1,#+1
    227            {
    228              bitstatus = SET;
    229            }
    230            else
    231            {
    232              bitstatus = RESET;
    233            }
    234            return bitstatus;
   \   0000000C   0x4608             MOV      R0,R1
   \   0000000E   0x4770             BX       LR               ;; return
    235          }
    236          
    237          /**
    238            * @brief  Clears the EXTI's line pending flags.
    239            * @param  EXTI_Line: specifies the EXTI lines flags to clear.
    240            *          This parameter can be any combination of EXTI_Linex where x can be (0..22)
    241            * @retval None
    242            */

   \                                 In section .text, align 2, keep-with-next
    243          void EXTI_ClearFlag(uint32_t EXTI_Line)
    244          {
    245            /* Check the parameters */
    246            assert_param(IS_EXTI_LINE(EXTI_Line));
    247            
    248            EXTI->PR = EXTI_Line;
   \                     EXTI_ClearFlag:
   \   00000000   0x....             B.N      ?Subroutine0
    249          }

   \                                 In section .text, align 2, keep-with-next
   \                     ?Subroutine0:
   \   00000000   0x....             LDR.N    R1,??DataTable5_3  ;; 0x40013c14
   \   00000002   0x6008             STR      R0,[R1, #+0]
   \   00000004   0x4770             BX       LR               ;; return
    250          
    251          /**
    252            * @brief  Checks whether the specified EXTI line is asserted or not.
    253            * @param  EXTI_Line: specifies the EXTI line to check.
    254            *          This parameter can be EXTI_Linex where x can be(0..22)
    255            * @retval The new state of EXTI_Line (SET or RESET).
    256            */

   \                                 In section .text, align 2, keep-with-next
    257          ITStatus EXTI_GetITStatus(uint32_t EXTI_Line)
    258          {
    259            ITStatus bitstatus = RESET;
   \                     EXTI_GetITStatus:
   \   00000000   0x2100             MOVS     R1,#+0
    260            uint32_t enablestatus = 0;
    261            /* Check the parameters */
    262            assert_param(IS_GET_EXTI_LINE(EXTI_Line));
    263            
    264            enablestatus =  EXTI->IMR & EXTI_Line;
   \   00000002   0x....             LDR.N    R2,??DataTable5  ;; 0x40013c00
   \   00000004   0x6813             LDR      R3,[R2, #+0]
   \   00000006   0x4003             ANDS     R3,R0,R3
    265            if (((EXTI->PR & EXTI_Line) != (uint32_t)RESET) && (enablestatus != (uint32_t)RESET))
   \   00000008   0x6952             LDR      R2,[R2, #+20]
   \   0000000A   0x4202             TST      R2,R0
   \   0000000C   0xBF1C             ITT      NE 
   \   0000000E   0x2B00             CMPNE    R3,#+0
   \   00000010   0x2101             MOVNE    R1,#+1
    266            {
    267              bitstatus = SET;
    268            }
    269            else
    270            {
    271              bitstatus = RESET;
    272            }
    273            return bitstatus;
   \   00000012   0x4608             MOV      R0,R1
   \   00000014   0x4770             BX       LR               ;; return
    274          }
    275          
    276          /**
    277            * @brief  Clears the EXTI's line pending bits.
    278            * @param  EXTI_Line: specifies the EXTI lines to clear.
    279            *          This parameter can be any combination of EXTI_Linex where x can be (0..22)
    280            * @retval None
    281            */

   \                                 In section .text, align 2, keep-with-next
    282          void EXTI_ClearITPendingBit(uint32_t EXTI_Line)
   \                     EXTI_ClearITPendingBit:
   \   00000000   0xBF00             Nop      
    283          {
    284            /* Check the parameters */
    285            assert_param(IS_EXTI_LINE(EXTI_Line));
    286            
    287            EXTI->PR = EXTI_Line;
   \   00000002                      REQUIRE ?Subroutine0
   \   00000002                      ;; // Fall through to label ?Subroutine0

   \                                 In section .text, align 4, keep-with-next
   \                     ??DataTable5:
   \   00000000   0x40013C00         DC32     0x40013c00

   \                                 In section .text, align 4, keep-with-next
   \                     ??DataTable5_1:
   \   00000000   0x007FFFFF         DC32     0x7fffff

   \                                 In section .text, align 4, keep-with-next
   \                     ??DataTable5_2:
   \   00000000   0x40013C10         DC32     0x40013c10

   \                                 In section .text, align 4, keep-with-next
   \                     ??DataTable5_3:
   \   00000000   0x40013C14         DC32     0x40013c14
    288          }
    289          
    290          /**
    291            * @}
    292            */
    293          
    294          /**
    295            * @}
    296            */
    297          
    298          /**
    299            * @}
    300            */
    301          
    302          /**
    303            * @}
    304            */
    305          
    306          /******************* (C) COPYRIGHT 2011 STMicroelectronics *****END OF FILE****/

   Maximum stack usage in bytes:

   .cstack Function
   ------- --------
        0  EXTI_ClearFlag
        0  EXTI_ClearITPendingBit
        0  EXTI_DeInit
        0  EXTI_GenerateSWInterrupt
        0  EXTI_GetFlagStatus
        0  EXTI_GetITStatus
        8  EXTI_Init
        0  EXTI_StructInit


   Section sizes:

   Bytes  Function/Label
   -----  --------------
       4  ??DataTable5
       4  ??DataTable5_1
       4  ??DataTable5_2
       4  ??DataTable5_3
       6  ?Subroutine0
       2  EXTI_ClearFlag
       2  EXTI_ClearITPendingBit
      18  EXTI_DeInit
      10  EXTI_GenerateSWInterrupt
      16  EXTI_GetFlagStatus
      22  EXTI_GetITStatus
     102  EXTI_Init
      16  EXTI_StructInit

 
 210 bytes in section .text
 
 210 bytes of CODE memory

Errors: none
Warnings: none
