###############################################################################
#                                                                             #
# IAR ANSI C/C++ Compiler V6.30.1.53127/W32 for ARM     03/Sep/2014  15:31:57 #
# Copyright 1999-2011 IAR Systems AB.                                         #
#                                                                             #
#    Cpu mode     =  thumb                                                    #
#    Endian       =  little                                                   #
#    Source file  =  D:\Project\TRIO_MD\3.F_W\TRIO_MD_appl_stm207_20140821\ST #
#                    M32F2xx_StdPeriph_Driver_v1212\src\stm32f2xx_usart7_1208 #
#                    .c                                                       #
#    Command line =  D:\Project\TRIO_MD\3.F_W\TRIO_MD_appl_stm207_20140821\ST #
#                    M32F2xx_StdPeriph_Driver_v1212\src\stm32f2xx_usart7_1208 #
#                    .c -D NDEBUG -lC D:\Project\TRIO_MD\3.F_W\TRIO_MD_appl_s #
#                    tm207_20140821\STM32F2xx_StdPeriph_Driver_v1212\ewarm\so #
#                    ut\ -o D:\Project\TRIO_MD\3.F_W\TRIO_MD_appl_stm207_2014 #
#                    0821\STM32F2xx_StdPeriph_Driver_v1212\ewarm\sout\        #
#                    --endian=little --cpu=Cortex-M3 -e --fpu=None            #
#                    --dlib_config "C:\Program Files\IAR Systems\Embedded     #
#                    Workbench 6.0\arm\INC\c\DLib_Config_Normal.h" -I         #
#                    D:\Project\TRIO_MD\3.F_W\TRIO_MD_appl_stm207_20140821\ST #
#                    M32F2xx_StdPeriph_Driver_v1212\ewarm\..\ -I              #
#                    D:\Project\TRIO_MD\3.F_W\TRIO_MD_appl_stm207_20140821\ST #
#                    M32F2xx_StdPeriph_Driver_v1212\ewarm\..\inc\ -I          #
#                    D:\Project\TRIO_MD\3.F_W\TRIO_MD_appl_stm207_20140821\ST #
#                    M32F2xx_StdPeriph_Driver_v1212\ewarm\..\..\uC-CPU\ -I    #
#                    D:\Project\TRIO_MD\3.F_W\TRIO_MD_appl_stm207_20140821\ST #
#                    M32F2xx_StdPeriph_Driver_v1212\ewarm\..\..\uC-LIB\ -I    #
#                    D:\Project\TRIO_MD\3.F_W\TRIO_MD_appl_stm207_20140821\ST #
#                    M32F2xx_StdPeriph_Driver_v1212\ewarm\..\..\uCOS-II\Ports #
#                    \ -I D:\Project\TRIO_MD\3.F_W\TRIO_MD_appl_stm207_201408 #
#                    21\STM32F2xx_StdPeriph_Driver_v1212\ewarm\..\..\uCOS-II\ #
#                    Source\ -Oh                                              #
#    List file    =  D:\Project\TRIO_MD\3.F_W\TRIO_MD_appl_stm207_20140821\ST #
#                    M32F2xx_StdPeriph_Driver_v1212\ewarm\sout\stm32f2xx_usar #
#                    t7_1208.lst                                              #
#    Object file  =  D:\Project\TRIO_MD\3.F_W\TRIO_MD_appl_stm207_20140821\ST #
#                    M32F2xx_StdPeriph_Driver_v1212\ewarm\sout\stm32f2xx_usar #
#                    t7_1208.o                                                #
#                                                                             #
#                                                                             #
###############################################################################

D:\Project\TRIO_MD\3.F_W\TRIO_MD_appl_stm207_20140821\STM32F2xx_StdPeriph_Driver_v1212\src\stm32f2xx_usart7_1208.c
      1          /*******************************************************************************
      2           *
      3           * This module contains the function `7092 original header file, a function
      4           * whole things  initializations - global, include function and so on
      5           *
      6           *
      7           * Note that this function is called before the data segments are
      8           * initialized, this means that this function cannot rely on the
      9           * values of global or static variables.
     10           *
     11           *
     12           * Copyright 2006- bizistyle(bgyoon@hanafos.com) All rights reserved.
     13           *
     14           * $Revision: 0.1 $
     15           * $Revision date: 2007.04.__
     16           * $Revision: 0.2 $
     17           * $Revision date: 2007.10.__
     18           *               : to check insert read register -> return value
     19           * $Revision: 0.3 $
     20           * $Revision date: 2008.03.07
     21           *               : Ser5PutStrOpt Append
     22           ******************************************************************************/
     23          
     24          
     25          #include "stm32f2xx_usart7_1208.h"

   \                                 In section iram, align 4
     26          
     27          #if !defined (OS_INCLUDED) 
     28          	INT8U Rx7Buff[Rx7BuffLen];
     29          	INT8U Tx7Buff[Tx7BuffLen];
     30          
     31          	INT16U	Rx7RdCnt = 0, Rx7WrCnt = 0;
     32          	INT16U	Tx7RdCnt = 0, Tx7WrCnt = 0;
     33          #else
     34          	INT8U Rx7Buff[Rx7BuffLen] @ "iram";
     35          	INT8U Tx7Buff[Tx7BuffLen] @ "iram";
     36          
     37          	INT16U	Rx7RdCnt @ "iram"= 0, Rx7WrCnt @ "iram" = 0;
   \                     Rx7RdCnt:
   \   00000000   0x0000             DC16 0
   \                     Rx7WrCnt:
   \   00000002   0x0000             DC16 0
     38          	INT16U	Tx7RdCnt @ "iram"= 0, Tx7WrCnt @ "iram" = 0;
   \                     Tx7RdCnt:
   \   00000004   0x0000             DC16 0
   \                     Tx7WrCnt:
   \   00000006   0x0000             DC16 0
     39          #endif
     40          
     41          #if !defined (OS_INCLUDED) 
     42          __SerStrPtr pUSART7 = {
     43          
     44          #else
     45          __SerStrPtr pUSART7 @ "iram" = {
   \                     pUSART7:
   \   00000008   0x00000000         DC32 0H, USART7CheckByte, USART7RxGetByte, USART7PutStr, USART7Printf
   \              0x........   
   \              0x........   
   \              0x........   
   \              0x........   
   \   0000001C   0x........         DC32 USART7PutChar, USART7PutToBuffer, USART7TxCheckByte
   \              0x........   
   \              0x........   
   \   00000028   0x........         DC32 USART7BuffClear, USART7TxClear
   \              0x........   
   \   00000030   0x00 0x00          DC8 0, 0, 0, 0
   \              0x00 0x00    
   \   __absolute unsigned long UART7_base
   \                     UART7_base:
   \   00000034   0x00000000         DC32 0

   \                                 In section iram, align 4
   \                     Rx7Buff:
   \   00000000                      DS8 2048

   \                                 In section iram, align 4
   \                     Tx7Buff:
   \   00000000                      DS8 2048
     46          #endif
     47          	NULL,
     48          	USART7CheckByte,
     49          	USART7RxGetByte,
     50          	USART7PutStr,
     51          	USART7Printf,
     52          	USART7PutChar,
     53          	USART7PutToBuffer,
     54          	USART7TxCheckByte,
     55          	USART7BuffClear,
     56          	USART7TxClear
     57          };
     58          
     59          unsigned long int USART1Printf( const char *format, ...);
     60          unsigned char USART1PutChar(unsigned char Data);
     61          

   \                                 In section .text, align 2, keep-with-next
     62          unsigned char USART7Init(unsigned long int nBps, unsigned char _LCR, unsigned long int bAddr)
     63          {
   \                     USART7Init:
   \   00000000   0xB538             PUSH     {R3-R5,LR}
     64          	INT8U ch = 0;
     65          	INT8U rval = TRUE;
   \   00000002   0x2401             MOVS     R4,#+1
     66              // CLK: 49.7664 Mhz
     67          	UART7_base = bAddr;
   \   00000004   0x....             LDR.N    R5,??DataTable8
   \   00000006   0x636A             STR      R2,[R5, #+52]
     68          
     69          	U7LCR = 0x80;			// Baud rate select mode
   \   00000008   0xF502 0x3240      ADD      R2,R2,#+196608
   \   0000000C   0x2380             MOVS     R3,#+128
   \   0000000E   0x7013             STRB     R3,[R2, #+0]
     70          	U7DLL = ch = (INT8U)(UART_CLOCK/(16L*nBps));
   \   00000010   0x....             LDR.N    R2,??DataTable8_1  ;; 0x7a1200
   \   00000012   0x0100             LSLS     R0,R0,#+4
   \   00000014   0xFBB2 0xF0F0      UDIV     R0,R2,R0
   \   00000018   0x6B6A             LDR      R2,[R5, #+52]
   \   0000001A   0x7010             STRB     R0,[R2, #+0]
     71          	
     72          //	USART1Printf("U7LCR: %02x \n", U7LCR);
     73          //	USART1Printf("U7DLL: %02x \n", U7DLL);
     74          
     75          	if(U7DLL != ch) rval = FALSE;
     76          	U7DLM = 0x00;			//
   \   0000001C   0x6B68             LDR      R0,[R5, #+52]
   \   0000001E   0xF500 0x3080      ADD      R0,R0,#+65536
   \   00000022   0x2200             MOVS     R2,#+0
   \   00000024   0x7002             STRB     R2,[R0, #+0]
     77          	U7LCR = _LCR;			// Normal mode register
   \   00000026   0x6B68             LDR      R0,[R5, #+52]
   \   00000028   0xF500 0x3040      ADD      R0,R0,#+196608
   \   0000002C   0x7001             STRB     R1,[R0, #+0]
     78          	if(U7LCR != _LCR) rval = FALSE;
   \   0000002E   0x6B68             LDR      R0,[R5, #+52]
   \   00000030   0xF500 0x3240      ADD      R2,R0,#+196608
   \   00000034   0x7812             LDRB     R2,[R2, #+0]
   \   00000036   0x428A             CMP      R2,R1
   \   00000038   0xBF18             IT       NE 
   \   0000003A   0x2400             MOVNE    R4,#+0
     79          	U7MCR = 0x0B;			// Here, Reserved
   \   0000003C   0xF500 0x2080      ADD      R0,R0,#+262144
   \   00000040   0x210B             MOVS     R1,#+11
   \   00000042   0x7001             STRB     R1,[R0, #+0]
     80          	U7FCR = 0x07;			// Reset FIFO, Tx Fifo Reset, Rx Fifo Reset
   \   00000044   0x6B68             LDR      R0,[R5, #+52]
   \   00000046   0xF500 0x3000      ADD      R0,R0,#+131072
   \   0000004A   0x2107             MOVS     R1,#+7
   \   0000004C   0x7001             STRB     R1,[R0, #+0]
     81          	U7FCR = 0x01;			// Fifo
   \   0000004E   0x6B68             LDR      R0,[R5, #+52]
   \   00000050   0xF500 0x3000      ADD      R0,R0,#+131072
   \   00000054   0x2101             MOVS     R1,#+1
   \   00000056   0x7001             STRB     R1,[R0, #+0]
     82          
     83          	U7IER = 0x05;			// Rx Interrupt Enable
   \   00000058   0x6B68             LDR      R0,[R5, #+52]
   \   0000005A   0xF500 0x3080      ADD      R0,R0,#+65536
   \   0000005E   0x2105             MOVS     R1,#+5
   \   00000060   0x7001             STRB     R1,[R0, #+0]
     84          //	USART1Printf("U7IER: %02x \n", U7IER);
     85          
     86          	ch = U7MSR;
     87          	ch = ch | 0x20 ;
     88          	U7MSR = ch;
   \   00000062   0x6B68             LDR      R0,[R5, #+52]
   \   00000064   0xF500 0x20C0      ADD      R0,R0,#+393216
   \   00000068   0x7801             LDRB     R1,[R0, #+0]
   \   0000006A   0xF041 0x0120      ORR      R1,R1,#0x20
   \   0000006E   0x7001             STRB     R1,[R0, #+0]
     89          	ch = U7MCR;
     90          	ch = ch | 0x01 ;		// DTR 1 set
   \   00000070   0x6B68             LDR      R0,[R5, #+52]
   \   00000072   0xF500 0x2080      ADD      R0,R0,#+262144
   \   00000076   0x7801             LDRB     R1,[R0, #+0]
   \   00000078   0xF041 0x0101      ORR      R1,R1,#0x1
     91          	U7MCR = ch;
   \   0000007C   0x7001             STRB     R1,[R0, #+0]
     92          	if(U7MCR != ch) rval = FALSE;
   \   0000007E   0x6B68             LDR      R0,[R5, #+52]
   \   00000080   0xF500 0x2080      ADD      R0,R0,#+262144
   \   00000084   0x7800             LDRB     R0,[R0, #+0]
   \   00000086   0x4288             CMP      R0,R1
   \   00000088   0xBF18             IT       NE 
   \   0000008A   0x2400             MOVNE    R4,#+0
     93          
     94          	////////////////////////////////////////////////////////////////
     95          #if defined (OS_INCLUDED) 
     96          		pUSART7.sem = OSSemCreate(1);
   \   0000008C   0x2001             MOVS     R0,#+1
   \   0000008E   0x.... 0x....      BL       OSSemCreate
   \   00000092   0x6328             STR      R0,[R5, #+48]
     97          #endif
     98          
     99          
    100          	return rval;
   \   00000094   0x4620             MOV      R0,R4
   \   00000096   0xBD32             POP      {R1,R4,R5,PC}    ;; return
    101          }
    102          
    103          ////////////////////////////////////////////////////////////////////

   \                                 In section .text, align 2, keep-with-next
    104          void USART7Handler(void)
    105          {
   \                     USART7Handler:
   \   00000000   0xB510             PUSH     {R4,LR}
    106          	INT16S Reg = U7FCR & 0x0f;
   \   00000002   0x....             LDR.N    R1,??DataTable8
   \   00000004   0x6B4C             LDR      R4,[R1, #+52]
   \   00000006   0xF504 0x3200      ADD      R2,R4,#+131072
   \   0000000A   0x7810             LDRB     R0,[R2, #+0]
   \   0000000C   0xF000 0x000F      AND      R0,R0,#0xF
    107          
    108          	if(Reg == 0x04)
   \   00000010   0x2804             CMP      R0,#+4
   \   00000012   0xD10C             BNE.N    ??USART7Handler_0
    109          	{
    110          		Rx7Buff[Rx7WrCnt] = U7RBR;		// When the receive register is read, the RDR bit is automatically cleared.
   \   00000014   0x8848             LDRH     R0,[R1, #+2]
   \   00000016   0x....             LDR.N    R2,??DataTable8_2
   \   00000018   0x7823             LDRB     R3,[R4, #+0]
   \   0000001A   0x5483             STRB     R3,[R0, R2]
    111          		if(++Rx7WrCnt >= Rx7BuffLen) Rx7WrCnt = 0;
   \   0000001C   0x1C40             ADDS     R0,R0,#+1
   \   0000001E   0x8048             STRH     R0,[R1, #+2]
   \   00000020   0xB280             UXTH     R0,R0
   \   00000022   0xF5B0 0x6F00      CMP      R0,#+2048
   \   00000026   0xD318             BCC.N    ??USART7Handler_1
   \   00000028   0x2000             MOVS     R0,#+0
   \   0000002A   0x8048             STRH     R0,[R1, #+2]
   \   0000002C   0xBD10             POP      {R4,PC}
    112          	}
    113          	else if(Reg == 0x02)
   \                     ??USART7Handler_0:
   \   0000002E   0x2802             CMP      R0,#+2
   \   00000030   0xD111             BNE.N    ??USART7Handler_2
    114          	{
    115          		while(1)
    116          		{
    117          			Reg = U7LSR & 0x60;
    118          			//USART1PutChar(Reg);
    119          			if(Reg != 0) break;
   \                     ??USART7Handler_3:
   \   00000032   0xF504 0x20A0      ADD      R0,R4,#+327680
   \   00000036   0x7800             LDRB     R0,[R0, #+0]
   \   00000038   0x2160             MOVS     R1,#+96
   \   0000003A   0x4208             TST      R0,R1
   \   0000003C   0xD0F9             BEQ.N    ??USART7Handler_3
    120          		}
    121          
    122          		Reg = USART7TxGetByte();
   \   0000003E   0x.... 0x....      BL       USART7TxGetByte
    123          		//USART1PutChar((INT8U)(Reg >> 8));
    124          		//USART1PutChar((INT8U)(Reg >> 0));
    125          		if(Reg != -1)
   \   00000042   0xF110 0x0F01      CMN      R0,#+1
   \   00000046   0xD001             BEQ.N    ??USART7Handler_4
    126          		{
    127          			U7THR = (INT8U)Reg;
   \   00000048   0x7020             STRB     R0,[R4, #+0]
   \   0000004A   0xBD10             POP      {R4,PC}
    128          			//USART1PutChar((INT8U)(Reg >> 0));
    129          			//U7IER |= (IER_TIE | IER_RIE);	// TXIE set
    130          			//USART1PutChar((INT8U)U7IER);
    131          		}
    132          		else
    133          		{
    134          			///USART1PutChar('E');
    135          			U7IER = 0x01;
   \                     ??USART7Handler_4:
   \   0000004C   0xF504 0x3080      ADD      R0,R4,#+65536
   \   00000050   0x2101             MOVS     R1,#+1
   \   00000052   0x7001             STRB     R1,[R0, #+0]
   \   00000054   0xBD10             POP      {R4,PC}
    136          		}
    137          	}
    138          	else
    139          	{
    140          		Reg  = U7LSR;
    141          		Reg  = U7RBR;		// dummy하게 RD값을 읽는다(무시)
    142          		Reg  = U7MSR;
    143          		U7FCR = 0x07;		// fifo clear
   \                     ??USART7Handler_2:
   \   00000056   0x2007             MOVS     R0,#+7
   \   00000058   0x7010             STRB     R0,[R2, #+0]
    144          	}
    145          }
   \                     ??USART7Handler_1:
   \   0000005A   0xBD10             POP      {R4,PC}          ;; return
    146          
    147          ////////////////////////////////////////////////////////////////////////////////

   \                                 In section .text, align 2, keep-with-next
    148          unsigned char USART7PutToBuffer(unsigned char Data)
    149          {
   \                     USART7PutToBuffer:
   \   00000000   0xB538             PUSH     {R3-R5,LR}
   \   00000002   0x4605             MOV      R5,R0
    150          #ifdef OS_INCLUDED
    151          		INT8U err;
    152          		//////////////////////////////////////////////////
    153          	
    154          		OSSemPend(pUSART7.sem, 0, &err);
   \   00000004   0x....             LDR.N    R4,??DataTable8
   \   00000006   0xAA00             ADD      R2,SP,#+0
   \   00000008   0x2100             MOVS     R1,#+0
   \   0000000A   0x6B20             LDR      R0,[R4, #+48]
   \   0000000C   0x.... 0x....      BL       OSSemPend
    155          #endif /* OS_INCLUDED */
    156          
    157          	Tx7Buff[Tx7WrCnt] = Data;
   \   00000010   0x88E0             LDRH     R0,[R4, #+6]
   \   00000012   0x....             LDR.N    R1,??DataTable8_3
   \   00000014   0x5445             STRB     R5,[R0, R1]
    158          	if(++Tx7WrCnt >= Tx7BuffLen) Tx7WrCnt = 0;
   \   00000016   0x1C40             ADDS     R0,R0,#+1
   \   00000018   0xB280             UXTH     R0,R0
   \   0000001A   0xF5B0 0x6F00      CMP      R0,#+2048
   \   0000001E   0xBF28             IT       CS 
   \   00000020   0x2000             MOVCS    R0,#+0
   \   00000022   0x80E0             STRH     R0,[R4, #+6]
    159          	U7IER |= IER_TIE;	// TXIE set
   \   00000024   0x6B60             LDR      R0,[R4, #+52]
   \   00000026   0xF500 0x3080      ADD      R0,R0,#+65536
   \   0000002A   0x7801             LDRB     R1,[R0, #+0]
   \   0000002C   0xF041 0x0102      ORR      R1,R1,#0x2
   \   00000030   0x7001             STRB     R1,[R0, #+0]
    160          ///////////////////////////////////////////////////
    161          #ifdef OS_INCLUDED
    162          		OSSemPost(pUSART7.sem);
   \   00000032   0x6B20             LDR      R0,[R4, #+48]
   \   00000034   0x....             B.N      ?Subroutine0
    163          #endif /* OS_INCLUDED */
    164          
    165          	return OS_NO_ERR;
    166          }

   \                                 In section .text, align 2, keep-with-next
   \                     ?Subroutine0:
   \   00000000   0x.... 0x....      BL       OSSemPost
   \   00000004   0x2000             MOVS     R0,#+0
   \   00000006   0xBD32             POP      {R1,R4,R5,PC}    ;; return
    167          
    168          

   \                                 In section .text, align 2, keep-with-next
    169          unsigned char USART7PutChar(unsigned char Data)
    170          {
   \                     USART7PutChar:
   \   00000000   0xB538             PUSH     {R3-R5,LR}
   \   00000002   0x4604             MOV      R4,R0
    171          #ifdef OS_INCLUDED
    172          		INT8U err;
    173          		//////////////////////////////////////////////////
    174          	
    175          		OSSemPend(pUSART7.sem, 0, &err);
   \   00000004   0x....             LDR.N    R5,??DataTable8
   \   00000006   0xAA00             ADD      R2,SP,#+0
   \   00000008   0x2100             MOVS     R1,#+0
   \   0000000A   0x6B28             LDR      R0,[R5, #+48]
   \   0000000C   0x.... 0x....      BL       OSSemPend
   \   00000010   0x6B68             LDR      R0,[R5, #+52]
   \   00000012   0xF500 0x21A0      ADD      R1,R0,#+327680
    176          #endif /* OS_INCLUDED */
    177          
    178          //	if(err != OS_NO_ERR ) return err;
    179          
    180          /////////////////////////////////////////////////////////////////////
    181          	while((U7LSR & LSR_THRE) == 0);
   \                     ??USART7PutChar_0:
   \   00000016   0x780A             LDRB     R2,[R1, #+0]
   \   00000018   0x0692             LSLS     R2,R2,#+26
   \   0000001A   0xD5FC             BPL.N    ??USART7PutChar_0
    182          	U7THR = Data;
   \   0000001C   0x7004             STRB     R4,[R0, #+0]
    183          /////////////////////////////////////////////////////////////////////
    184          	#ifdef OS_INCLUDED
    185          		OSSemPost(pUSART7.sem);
   \   0000001E   0x6B28             LDR      R0,[R5, #+48]
   \   00000020                      REQUIRE ?Subroutine0
   \   00000020                      ;; // Fall through to label ?Subroutine0
    186          	#endif /* OS_INCLUDED */
    187          	return OS_NO_ERR;
    188          }
    189          

   \                                 In section .text, align 2, keep-with-next
    190          unsigned long int USART7Printf( const char *format, ... )
    191          {
   \                     USART7Printf:
   \   00000000   0xB40E             PUSH     {R1-R3}
   \   00000002   0xB530             PUSH     {R4,R5,LR}
   \   00000004   0xB0C0             SUB      SP,SP,#+256
    192          	unsigned long int i, cnt;
    193          	char buf[256];
    194          	va_list argptr;
    195          
    196          	va_start(argptr, format);
   \   00000006   0xAA43             ADD      R2,SP,#+268
    197          	cnt = vsprintf(buf, format, argptr);
   \   00000008   0x4601             MOV      R1,R0
   \   0000000A   0xA800             ADD      R0,SP,#+0
   \   0000000C   0x.... 0x....      BL       vsprintf
   \   00000010   0x4604             MOV      R4,R0
    198          	va_end( argptr );
    199          
    200          	for(i = 0;;i++)
   \   00000012   0xAD00             ADD      R5,SP,#+0
   \   00000014   0xE008             B.N      ??USART7Printf_0
    201          	{
    202          		if(buf[i] == 0) break;
    203          		if(buf[i] == '\n') USART7PutToBuffer('\r');
   \                     ??USART7Printf_1:
   \   00000016   0x280A             CMP      R0,#+10
   \   00000018   0xBF04             ITT      EQ 
   \   0000001A   0x200D             MOVEQ    R0,#+13
   \   0000001C   0x.... 0x....      BLEQ     USART7PutToBuffer
    204          		USART7PutToBuffer(buf[i]);
   \   00000020   0xF815 0x0B01      LDRB     R0,[R5], #+1
   \   00000024   0x.... 0x....      BL       USART7PutToBuffer
   \                     ??USART7Printf_0:
   \   00000028   0x7828             LDRB     R0,[R5, #+0]
   \   0000002A   0x2800             CMP      R0,#+0
   \   0000002C   0xD1F3             BNE.N    ??USART7Printf_1
    205          	}
    206          	while(!USART7TxCheckByte())
   \                     ??USART7Printf_2:
   \   0000002E   0x.... 0x....      BL       USART7TxCheckByte
   \   00000032   0xB918             CBNZ.N   R0,??USART7Printf_3
    207          	{
    208          #ifdef OS_INCLUDED
    209          	OSTimeDly(1);
   \   00000034   0x2001             MOVS     R0,#+1
   \   00000036   0x.... 0x....      BL       OSTimeDly
   \   0000003A   0xE7F8             B.N      ??USART7Printf_2
    210          #endif /* OS_INCLUDED */
    211          	}
    212          	return cnt;
   \                     ??USART7Printf_3:
   \   0000003C   0x4620             MOV      R0,R4
   \   0000003E   0xB040             ADD      SP,SP,#+256
   \   00000040   0xBC30             POP      {R4,R5}
   \   00000042   0xF85D 0xFB10      LDR      PC,[SP], #+16    ;; return
    213          }
    214          
    215          

   \                                 In section .text, align 2, keep-with-next
    216          void USART7PutStr(unsigned char *Str, unsigned short int Length, int iEn)
    217          {
   \                     USART7PutStr:
   \   00000000   0xB5F8             PUSH     {R3-R7,LR}
   \   00000002   0x4605             MOV      R5,R0
   \   00000004   0x460E             MOV      R6,R1
   \   00000006   0x4617             MOV      R7,R2
    218          	unsigned long int i;
    219          
    220          	USART7BuffClear();
   \   00000008   0x.... 0x....      BL       USART7BuffClear
    221          
    222          #ifdef OS_INCLUDED
    223          		INT8U err;
    224          		OSSemPend(pUSART7.sem, 0, &err);
   \   0000000C   0x....             LDR.N    R4,??DataTable8
   \   0000000E   0xAA00             ADD      R2,SP,#+0
   \   00000010   0x2100             MOVS     R1,#+0
   \   00000012   0x6B20             LDR      R0,[R4, #+48]
   \   00000014   0x.... 0x....      BL       OSSemPend
    225          #endif /* OS_INCLUDED */
    226          
    227          	for(i = 0; i < Length; i++)
   \   00000018   0x88E0             LDRH     R0,[R4, #+6]
   \   0000001A   0xB146             CBZ.N    R6,??USART7PutStr_0
   \   0000001C   0x....             LDR.N    R1,??DataTable8_3
    228          	{
    229          		Tx7Buff[Tx7WrCnt++] = Str[i];
   \                     ??USART7PutStr_1:
   \   0000001E   0xF815 0x2B01      LDRB     R2,[R5], #+1
   \   00000022   0x5442             STRB     R2,[R0, R1]
    230          		Tx7WrCnt %= Tx7BuffLen;
   \   00000024   0x1C40             ADDS     R0,R0,#+1
   \   00000026   0x0540             LSLS     R0,R0,#+21
   \   00000028   0x0D40             LSRS     R0,R0,#+21
    231          	}
   \   0000002A   0x1E76             SUBS     R6,R6,#+1
   \   0000002C   0xD1F7             BNE.N    ??USART7PutStr_1
   \                     ??USART7PutStr_0:
   \   0000002E   0x80E0             STRH     R0,[R4, #+6]
    232          ///////////////////////////////////////////////////
    233          	if(iEn)
   \   00000030   0xB137             CBZ.N    R7,??USART7PutStr_2
    234          	{
    235          		U7IER |= IER_TIE;	// TXIE set
   \   00000032   0x6B60             LDR      R0,[R4, #+52]
   \   00000034   0xF500 0x3080      ADD      R0,R0,#+65536
   \   00000038   0x7801             LDRB     R1,[R0, #+0]
   \   0000003A   0xF041 0x0102      ORR      R1,R1,#0x2
   \   0000003E   0x7001             STRB     R1,[R0, #+0]
    236          	}	
    237          #ifdef OS_INCLUDED
    238          			OSSemPost(pUSART7.sem);
   \                     ??USART7PutStr_2:
   \   00000040   0x6B20             LDR      R0,[R4, #+48]
   \   00000042   0x.... 0x....      BL       OSSemPost
    239          #endif /* OS_INCLUDED */
    240          
    241          }
   \   00000046   0xBDF1             POP      {R0,R4-R7,PC}    ;; return
    242          
    243          
    244          
    245          
    246          

   \                                 In section .text, align 2, keep-with-next
    247          signed short int USART7RxGetByte(void)
    248          {
    249              INT16S RetVal = 0;
    250          
    251              if(Rx7RdCnt == Rx7WrCnt) return -1;
   \                     USART7RxGetByte:
   \   00000000   0x....             LDR.N    R1,??DataTable8
   \   00000002   0x880A             LDRH     R2,[R1, #+0]
   \   00000004   0x8848             LDRH     R0,[R1, #+2]
   \   00000006   0x4282             CMP      R2,R0
   \   00000008   0xD100             BNE.N    ??USART7RxGetByte_0
   \   0000000A   0x....             B.N      ?Subroutine2
    252          	RetVal = Rx7Buff[Rx7RdCnt];
   \                     ??USART7RxGetByte_0:
   \   0000000C   0x....             LDR.N    R0,??DataTable8_2
   \   0000000E   0x5C10             LDRB     R0,[R2, R0]
    253          	if(++Rx7RdCnt >= Rx7BuffLen ) Rx7RdCnt = 0;
   \   00000010   0x1C52             ADDS     R2,R2,#+1
   \   00000012   0x800A             STRH     R2,[R1, #+0]
   \   00000014   0xB292             UXTH     R2,R2
   \   00000016   0xF5B2 0x6F00      CMP      R2,#+2048
   \   0000001A   0xBF24             ITT      CS 
   \   0000001C   0x2200             MOVCS    R2,#+0
   \   0000001E   0x800A             STRHCS   R2,[R1, #+0]
    254          
    255          	return (RetVal & 0xff);
   \   00000020   0x4770             BX       LR               ;; return
    256          }

   \                                 In section .text, align 2, keep-with-next
   \                     ?Subroutine2:
   \   00000000   0xF04F 0x30FF      MOV      R0,#-1
   \   00000004   0x4770             BX       LR
    257          

   \                                 In section .text, align 2, keep-with-next
    258          signed short int USART7TxGetByte(void)
    259          {
    260          	INT16S RetVal = 0;
    261          
    262          	if(Tx7RdCnt == Tx7WrCnt) return -1;
   \                     USART7TxGetByte:
   \   00000000   0x....             LDR.N    R1,??DataTable8
   \   00000002   0x888A             LDRH     R2,[R1, #+4]
   \   00000004   0x88C8             LDRH     R0,[R1, #+6]
   \   00000006   0x4282             CMP      R2,R0
   \   00000008   0xD100             BNE.N    ??USART7TxGetByte_0
   \   0000000A   0x....             B.N      ?Subroutine2
    263          
    264          	RetVal = Tx7Buff[Tx7RdCnt];
   \                     ??USART7TxGetByte_0:
   \   0000000C   0x....             LDR.N    R0,??DataTable8_3
   \   0000000E   0x5C10             LDRB     R0,[R2, R0]
    265          	if(++Tx7RdCnt >= Tx7BuffLen ) Tx7RdCnt = 0;
   \   00000010   0x1C52             ADDS     R2,R2,#+1
   \   00000012   0x808A             STRH     R2,[R1, #+4]
   \   00000014   0xB292             UXTH     R2,R2
   \   00000016   0xF5B2 0x6F00      CMP      R2,#+2048
   \   0000001A   0xBF24             ITT      CS 
   \   0000001C   0x2200             MOVCS    R2,#+0
   \   0000001E   0x808A             STRHCS   R2,[R1, #+4]
    266          	return (RetVal & 0xff);
   \   00000020   0x4770             BX       LR               ;; return
    267          }
    268          

   \                                 In section .text, align 2, keep-with-next
    269          unsigned char USART7CheckByte(unsigned short int ByteCnt, unsigned short int *Recv)
    270          {
   \                     USART7CheckByte:
   \   00000000   0xB430             PUSH     {R4,R5}
    271          	INT32U	i = 0, j = 0;
    272          	BOOL	RetVal = TRUE;
   \   00000002   0x2201             MOVS     R2,#+1
    273          
    274          	*Recv = 0;
   \   00000004   0x2300             MOVS     R3,#+0
   \   00000006   0x800B             STRH     R3,[R1, #+0]
    275          	i = (INT32U) Rx7RdCnt;
   \   00000008   0x....             LDR.N    R3,??DataTable8
   \   0000000A   0x881C             LDRH     R4,[R3, #+0]
    276          	j = (INT32U) Rx7WrCnt;
   \   0000000C   0x885B             LDRH     R3,[R3, #+2]
    277          
    278          	if		(i == j) RetVal = FALSE;
   \   0000000E   0x429C             CMP      R4,R3
   \   00000010   0xD00E             BEQ.N    ??USART7CheckByte_0
    279          	else if (i < j)
   \   00000012   0x1900             ADDS     R0,R0,R4
   \   00000014   0x429C             CMP      R4,R3
   \   00000016   0xD203             BCS.N    ??USART7CheckByte_1
    280          	{
    281          		*Recv = j - i;
   \   00000018   0x1B1C             SUBS     R4,R3,R4
   \   0000001A   0x800C             STRH     R4,[R1, #+0]
    282          		i = i + ByteCnt;
    283          		if(i > j)   RetVal = FALSE;
   \   0000001C   0x4283             CMP      R3,R0
   \   0000001E   0xE006             B.N      ??USART7CheckByte_2
    284          	}
    285          	else if (i > j)
    286          	{
    287          		*Recv = (Rx7BuffLen + j) - i;
   \                     ??USART7CheckByte_1:
   \   00000020   0xF503 0x6500      ADD      R5,R3,#+2048
   \   00000024   0x1B2C             SUBS     R4,R5,R4
   \   00000026   0x800C             STRH     R4,[R1, #+0]
    288          		i = i + ByteCnt;
    289          		j = j + Rx7BuffLen;
    290          		if(i > j)   RetVal = FALSE;
   \   00000028   0xF503 0x6100      ADD      R1,R3,#+2048
   \   0000002C   0x4281             CMP      R1,R0
   \                     ??USART7CheckByte_2:
   \   0000002E   0xD200             BCS.N    ??USART7CheckByte_3
   \                     ??USART7CheckByte_0:
   \   00000030   0x2200             MOVS     R2,#+0
    291          	}
    292          	return(RetVal);
   \                     ??USART7CheckByte_3:
   \   00000032   0x4610             MOV      R0,R2
   \   00000034   0xBC30             POP      {R4,R5}
   \   00000036   0x4770             BX       LR               ;; return
    293          }
    294          

   \                                 In section .text, align 2, keep-with-next
    295          void USART7BuffClear( void )
    296          {
    297          	Rx7RdCnt = 0;
   \                     USART7BuffClear:
   \   00000000   0x....             LDR.N    R0,??DataTable8
   \   00000002   0x2100             MOVS     R1,#+0
   \   00000004   0x8001             STRH     R1,[R0, #+0]
    298          	Rx7WrCnt = 0;
   \   00000006   0x8041             STRH     R1,[R0, #+2]
    299          	Tx7RdCnt = 0;
   \   00000008   0x....             B.N      ?Subroutine1
    300          	Tx7WrCnt = 0;
    301          }

   \                                 In section .text, align 2, keep-with-next
   \                     ?Subroutine1:
   \   00000000   0x8081             STRH     R1,[R0, #+4]
   \   00000002   0x80C1             STRH     R1,[R0, #+6]
   \   00000004   0x4770             BX       LR               ;; return
    302          

   \                                 In section .text, align 2, keep-with-next
    303          void USART7TxClear( void )
    304          {
    305          	Tx7RdCnt = 0;
   \                     USART7TxClear:
   \   00000000   0x....             LDR.N    R0,??DataTable8
   \   00000002   0x2100             MOVS     R1,#+0
   \   00000004                      REQUIRE ?Subroutine1
   \   00000004                      ;; // Fall through to label ?Subroutine1
    306          	Tx7WrCnt = 0;
    307          }
    308          

   \                                 In section .text, align 2, keep-with-next
    309          signed short int USART7TxCheckByte(void)
    310          {
    311          	if(Tx7RdCnt == Tx7WrCnt) return TRUE;
   \                     USART7TxCheckByte:
   \   00000000   0x....             LDR.N    R0,??DataTable8
   \   00000002   0x8881             LDRH     R1,[R0, #+4]
   \   00000004   0x88C0             LDRH     R0,[R0, #+6]
   \   00000006   0x4281             CMP      R1,R0
   \   00000008   0xD101             BNE.N    ??USART7TxCheckByte_0
   \   0000000A   0x2001             MOVS     R0,#+1
   \   0000000C   0x4770             BX       LR
    312          	else					 return FALSE;
   \                     ??USART7TxCheckByte_0:
   \   0000000E   0x2000             MOVS     R0,#+0
   \   00000010   0x4770             BX       LR               ;; return
    313          }

   \                                 In section .text, align 4, keep-with-next
   \                     ??DataTable8:
   \   00000000   0x........         DC32     Rx7RdCnt

   \                                 In section .text, align 4, keep-with-next
   \                     ??DataTable8_1:
   \   00000000   0x007A1200         DC32     0x7a1200

   \                                 In section .text, align 4, keep-with-next
   \                     ??DataTable8_2:
   \   00000000   0x........         DC32     Rx7Buff

   \                                 In section .text, align 4, keep-with-next
   \                     ??DataTable8_3:
   \   00000000   0x........         DC32     Tx7Buff
    314          
    315          ////////////////////////////////////////////////////////////////////////////////
    316          // End of Source File
    317          /////////////////////
    318          

   Maximum stack usage in bytes:

   .cstack Function
   ------- --------
        0  USART7BuffClear
        8  USART7CheckByte
        8  USART7Handler
               8 -> USART7TxGetByte
       16  USART7Init
              16 -> OSSemCreate
      280  USART7Printf
             280 -> OSTimeDly
             280 -> USART7PutToBuffer
             280 -> USART7TxCheckByte
             280 -> vsprintf
       16  USART7PutChar
              16 -> OSSemPend
              16 -> OSSemPost
       24  USART7PutStr
              24 -> OSSemPend
              24 -> OSSemPost
              24 -> USART7BuffClear
       16  USART7PutToBuffer
              16 -> OSSemPend
              16 -> OSSemPost
        0  USART7RxGetByte
        0  USART7TxCheckByte
        0  USART7TxClear
        0  USART7TxGetByte


   Section sizes:

   Bytes  Function/Label
   -----  --------------
       4  ??DataTable8
       4  ??DataTable8_1
       4  ??DataTable8_2
       4  ??DataTable8_3
       8  ?Subroutine0
       6  ?Subroutine1
       6  ?Subroutine2
    2048  Rx7Buff
      56  Rx7RdCnt
          Rx7WrCnt
          Tx7RdCnt
          Tx7WrCnt
          pUSART7
          UART7_base
    2048  Tx7Buff
      10  USART7BuffClear
      56  USART7CheckByte
      92  USART7Handler
     152  USART7Init
      70  USART7Printf
      32  USART7PutChar
      72  USART7PutStr
      54  USART7PutToBuffer
      34  USART7RxGetByte
      18  USART7TxCheckByte
       4  USART7TxClear
      34  USART7TxGetByte

 
   664 bytes in section .text
 4 152 bytes in section iram
 
   664 bytes of CODE memory
 4 152 bytes of DATA memory

Errors: none
Warnings: none
