###############################################################################
#                                                                             #
# IAR ANSI C/C++ Compiler V6.21.1.52794/W32 for ARM     30/Nov/2012  23:38:35 #
# Copyright 1999-2011 IAR Systems AB.                                         #
#                                                                             #
#    Cpu mode     =  thumb                                                    #
#    Endian       =  little                                                   #
#    Source file  =  C:\user\project\FR-DB家屈\fw\appl_stm207_20121201\STM32F #
#                    2xx_StdPeriph_Driver_v1212\src\stm32f2xx_crc.c           #
#    Command line =  C:\user\project\FR-DB家屈\fw\appl_stm207_20121201\STM32F #
#                    2xx_StdPeriph_Driver_v1212\src\stm32f2xx_crc.c -D        #
#                    NDEBUG -lC C:\user\project\FR-DB家屈\fw\appl_stm207_2012 #
#                    1201\STM32F2xx_StdPeriph_Driver_v1212\ewarm\sout\ -o     #
#                    C:\user\project\FR-DB家屈\fw\appl_stm207_20121201\STM32F #
#                    2xx_StdPeriph_Driver_v1212\ewarm\sout\ --endian=little   #
#                    --cpu=Cortex-M3 -e --fpu=None --dlib_config              #
#                    "C:\compiler\ewarm 6.2\arm\INC\c\DLib_Config_Normal.h"   #
#                    -I C:\user\project\FR-DB家屈\fw\appl_stm207_20121201\STM #
#                    32F2xx_StdPeriph_Driver_v1212\ewarm\..\ -I               #
#                    C:\user\project\FR-DB家屈\fw\appl_stm207_20121201\STM32F #
#                    2xx_StdPeriph_Driver_v1212\ewarm\..\inc\ -Oh             #
#    List file    =  C:\user\project\FR-DB家屈\fw\appl_stm207_20121201\STM32F #
#                    2xx_StdPeriph_Driver_v1212\ewarm\sout\stm32f2xx_crc.lst  #
#    Object file  =  C:\user\project\FR-DB家屈\fw\appl_stm207_20121201\STM32F #
#                    2xx_StdPeriph_Driver_v1212\ewarm\sout\stm32f2xx_crc.o    #
#                                                                             #
#                                                                             #
###############################################################################

C:\user\project\FR-DB家屈\fw\appl_stm207_20121201\STM32F2xx_StdPeriph_Driver_v1212\src\stm32f2xx_crc.c
      1          /**
      2            ******************************************************************************
      3            * @file    stm32f2xx_crc.c
      4            * @author  MCD Application Team
      5            * @version V1.0.0
      6            * @date    18-April-2011
      7            * @brief   This file provides all the CRC firmware functions.
      8            ******************************************************************************
      9            * @attention
     10            *
     11            * THE PRESENT FIRMWARE WHICH IS FOR GUIDANCE ONLY AIMS AT PROVIDING CUSTOMERS
     12            * WITH CODING INFORMATION REGARDING THEIR PRODUCTS IN ORDER FOR THEM TO SAVE
     13            * TIME. AS A RESULT, STMICROELECTRONICS SHALL NOT BE HELD LIABLE FOR ANY
     14            * DIRECT, INDIRECT OR CONSEQUENTIAL DAMAGES WITH RESPECT TO ANY CLAIMS ARISING
     15            * FROM THE CONTENT OF SUCH FIRMWARE AND/OR THE USE MADE BY CUSTOMERS OF THE
     16            * CODING INFORMATION CONTAINED HEREIN IN CONNECTION WITH THEIR PRODUCTS.
     17            *
     18            * <h2><center>&copy; COPYRIGHT 2011 STMicroelectronics</center></h2>
     19            ******************************************************************************
     20            */
     21          
     22          /* Includes ------------------------------------------------------------------*/
     23          #include "stm32f2xx_crc.h"

  uint32_t CRC_CalcCRC(uint32_t Data);
  ^
"C:\user\project\FR-DB家屈\fw\appl_stm207_20121201\STM32F2xx_StdPeriph_Driver_v1212\inc\stm32f2xx_crc.h",57  Error[Pe020]: 
          identifier "uint32_t" is undefined

  uint32_t CRC_CalcCRC(uint32_t Data);
                       ^
"C:\user\project\FR-DB家屈\fw\appl_stm207_20121201\STM32F2xx_StdPeriph_Driver_v1212\inc\stm32f2xx_crc.h",57  Error[Pe020]: 
          identifier "uint32_t" is undefined

  uint32_t CRC_CalcBlockCRC(uint32_t pBuffer[], uint32_t BufferLength);
  ^
"C:\user\project\FR-DB家屈\fw\appl_stm207_20121201\STM32F2xx_StdPeriph_Driver_v1212\inc\stm32f2xx_crc.h",58  Error[Pe020]: 
          identifier "uint32_t" is undefined

  uint32_t CRC_CalcBlockCRC(uint32_t pBuffer[], uint32_t BufferLength);
                            ^
"C:\user\project\FR-DB家屈\fw\appl_stm207_20121201\STM32F2xx_StdPeriph_Driver_v1212\inc\stm32f2xx_crc.h",58  Error[Pe020]: 
          identifier "uint32_t" is undefined

  uint32_t CRC_CalcBlockCRC(uint32_t pBuffer[], uint32_t BufferLength);
                                                ^
"C:\user\project\FR-DB家屈\fw\appl_stm207_20121201\STM32F2xx_StdPeriph_Driver_v1212\inc\stm32f2xx_crc.h",58  Error[Pe020]: 
          identifier "uint32_t" is undefined

  uint32_t CRC_GetCRC(void);
  ^
"C:\user\project\FR-DB家屈\fw\appl_stm207_20121201\STM32F2xx_StdPeriph_Driver_v1212\inc\stm32f2xx_crc.h",59  Error[Pe020]: 
          identifier "uint32_t" is undefined

  void CRC_SetIDRegister(uint8_t IDValue);
                         ^
"C:\user\project\FR-DB家屈\fw\appl_stm207_20121201\STM32F2xx_StdPeriph_Driver_v1212\inc\stm32f2xx_crc.h",60  Error[Pe020]: 
          identifier "uint8_t" is undefined

  uint8_t CRC_GetIDRegister(void);
  ^
"C:\user\project\FR-DB家屈\fw\appl_stm207_20121201\STM32F2xx_StdPeriph_Driver_v1212\inc\stm32f2xx_crc.h",61  Error[Pe020]: 
          identifier "uint8_t" is undefined
     24          
     25          /** @addtogroup STM32F2xx_StdPeriph_Driver
     26            * @{
     27            */
     28          
     29          /** @defgroup CRC 
     30            * @brief CRC driver modules
     31            * @{
     32            */
     33          
     34          /* Private typedef -----------------------------------------------------------*/
     35          /* Private define ------------------------------------------------------------*/
     36          /* Private macro -------------------------------------------------------------*/
     37          /* Private variables ---------------------------------------------------------*/
     38          /* Private function prototypes -----------------------------------------------*/
     39          /* Private functions ---------------------------------------------------------*/
     40          
     41          /** @defgroup CRC_Private_Functions
     42            * @{
     43            */
     44          
     45          /**
     46            * @brief  Resets the CRC Data register (DR).
     47            * @param  None
     48            * @retval None
     49            */
     50          void CRC_ResetDR(void)
     51          {
     52            /* Reset CRC generator */
     53            CRC->CR = CRC_CR_RESET;
                   ^
Error[Pe020]: identifier "CRC" is undefined

    CRC->CR = CRC_CR_RESET;
              ^
"C:\user\project\FR-DB家屈\fw\appl_stm207_20121201\STM32F2xx_StdPeriph_Driver_v1212\src\stm32f2xx_crc.c",53  Error[Pe020]: 
          identifier "CRC_CR_RESET" is undefined
     54          }
     55          
     56          /**
     57            * @brief  Computes the 32-bit CRC of a given data word(32-bit).
     58            * @param  Data: data word(32-bit) to compute its CRC
     59            * @retval 32-bit CRC
     60            */
     61          uint32_t CRC_CalcCRC(uint32_t Data)
                 ^
Error[Pe020]: identifier "uint32_t" is undefined

  uint32_t CRC_CalcCRC(uint32_t Data)
                       ^
"C:\user\project\FR-DB家屈\fw\appl_stm207_20121201\STM32F2xx_StdPeriph_Driver_v1212\src\stm32f2xx_crc.c",61  Error[Pe020]: 
          identifier "uint32_t" is undefined
     62          {
     63            CRC->DR = Data;
                   ^
Error[Pe020]: identifier "CRC" is undefined
     64            
     65            return (CRC->DR);
     66          }
     67          
     68          /**
     69            * @brief  Computes the 32-bit CRC of a given buffer of data word(32-bit).
     70            * @param  pBuffer: pointer to the buffer containing the data to be computed
     71            * @param  BufferLength: length of the buffer to be computed					
     72            * @retval 32-bit CRC
     73            */
     74          uint32_t CRC_CalcBlockCRC(uint32_t pBuffer[], uint32_t BufferLength)
                 ^
Error[Pe020]: identifier "uint32_t" is undefined

  uint32_t CRC_CalcBlockCRC(uint32_t pBuffer[], uint32_t BufferLength)
                            ^
"C:\user\project\FR-DB家屈\fw\appl_stm207_20121201\STM32F2xx_StdPeriph_Driver_v1212\src\stm32f2xx_crc.c",74  Error[Pe020]: 
          identifier "uint32_t" is undefined

  uint32_t CRC_CalcBlockCRC(uint32_t pBuffer[], uint32_t BufferLength)
                                                ^
"C:\user\project\FR-DB家屈\fw\appl_stm207_20121201\STM32F2xx_StdPeriph_Driver_v1212\src\stm32f2xx_crc.c",74  Error[Pe020]: 
          identifier "uint32_t" is undefined
     75          {
     76            uint32_t index = 0;
                   ^
Error[Pe020]: identifier "uint32_t" is undefined
     77            
     78            for(index = 0; index < BufferLength; index++)
     79            {
     80              CRC->DR = pBuffer[index];
                     ^
Error[Pe020]: identifier "CRC" is undefined
     81            }
     82            return (CRC->DR);
                           ^
Error[Pe020]: identifier "CRC" is undefined
     83          }
     84          
     85          /**
     86            * @brief  Returns the current CRC value.
     87            * @param  None
     88            * @retval 32-bit CRC
     89            */
     90          uint32_t CRC_GetCRC(void)
                 ^
Error[Pe020]: identifier "uint32_t" is undefined
     91          {
     92            return (CRC->DR);
                           ^
Error[Pe020]: identifier "CRC" is undefined
     93          }
     94          
     95          /**
     96            * @brief  Stores a 8-bit data in the Independent Data(ID) register.
     97            * @param  IDValue: 8-bit value to be stored in the ID register 					
     98            * @retval None
     99            */
    100          void CRC_SetIDRegister(uint8_t IDValue)
                                        ^
Error[Pe020]: identifier "uint8_t" is undefined
    101          {
    102            CRC->IDR = IDValue;
                   ^
Error[Pe020]: identifier "CRC" is undefined
    103          }
    104          
    105          /**
    106            * @brief  Returns the 8-bit data stored in the Independent Data(ID) register
    107            * @param  None
    108            * @retval 8-bit value of the ID register 
    109            */
    110          uint8_t CRC_GetIDRegister(void)
                 ^
Error[Pe020]: identifier "uint8_t" is undefined
    111          {
    112            return (CRC->IDR);
                           ^
Error[Pe020]: identifier "CRC" is undefined
    113          }
    114          
    115          /**
    116            * @}
    117            */
    118          
    119          /**
    120            * @}
    121            */
    122          
    123          /**
    124            * @}
    125            */
    126          
    127          /******************* (C) COPYRIGHT 2011 STMicroelectronics *****END OF FILE****/

Errors: 25
Warnings: none
